[2025-11-27T23:56:46.177351] Autopilot booted.
[2025-11-27T23:56:46.177647] Using tasks file: /workspace/api/tasks/roadmap.jsonl
[2025-11-27T23:56:46.177849] Starting main loop.
[2025-11-27T23:56:46.178207] No pending tasks. Cooling down.
[2025-11-27T23:58:46.193862] No pending tasks. Cooling down.
[2025-11-28T00:00:46.200477] No pending tasks. Cooling down.
[2025-11-28T00:02:46.210468] No pending tasks. Cooling down.
[2025-11-28T00:04:46.206644] No pending tasks. Cooling down.
[2025-11-28T00:06:46.220013] No pending tasks. Cooling down.
[2025-11-28T00:08:46.231219] No pending tasks. Cooling down.
[2025-11-28T00:10:46.238447] No pending tasks. Cooling down.
[2025-11-28T00:12:46.250700] No pending tasks. Cooling down.
[2025-11-28T00:14:46.261397] No pending tasks. Cooling down.
[2025-11-28T00:16:46.273878] No pending tasks. Cooling down.
[2025-11-28T00:18:46.279682] No pending tasks. Cooling down.
[2025-11-28T00:20:46.290508] No pending tasks. Cooling down.
[2025-11-28T00:22:46.305172] No pending tasks. Cooling down.
[2025-11-28T00:24:46.314933] No pending tasks. Cooling down.
[2025-11-28T00:26:46.327848] No pending tasks. Cooling down.
[2025-11-28T00:28:46.339293] No pending tasks. Cooling down.
[2025-11-28T00:30:46.353775] No pending tasks. Cooling down.
[2025-11-28T00:32:46.368785] No pending tasks. Cooling down.
[2025-11-28T00:34:46.371763] No pending tasks. Cooling down.
[2025-11-28T00:36:46.376494] No pending tasks. Cooling down.
[2025-11-28T00:38:46.381141] No pending tasks. Cooling down.
[2025-11-28T00:40:46.390711] No pending tasks. Cooling down.
[2025-11-28T00:42:46.399798] No pending tasks. Cooling down.
[2025-11-28T00:44:46.399712] No pending tasks. Cooling down.
[2025-11-28T00:46:46.407337] No pending tasks. Cooling down.
[2025-11-28T00:48:46.411134] No pending tasks. Cooling down.
[2025-11-28T00:50:46.418005] No pending tasks. Cooling down.
[2025-11-28T00:52:46.422707] No pending tasks. Cooling down.
[2025-11-28T00:54:46.427324] No pending tasks. Cooling down.
[2025-11-28T00:56:46.431919] No pending tasks. Cooling down.
[2025-11-28T00:58:46.437621] No pending tasks. Cooling down.
[2025-11-28T01:00:46.453789] No pending tasks. Cooling down.
[2025-11-28T01:02:46.462319] No pending tasks. Cooling down.
[2025-11-28T01:04:46.466931] No pending tasks. Cooling down.
[2025-11-28T01:06:46.471964] No pending tasks. Cooling down.
[2025-11-28T01:08:46.477220] No pending tasks. Cooling down.
[2025-11-28T01:10:46.485973] No pending tasks. Cooling down.
[2025-11-28T01:12:46.496659] No pending tasks. Cooling down.
[2025-11-28T01:14:46.502233] No pending tasks. Cooling down.
[2025-11-28T01:16:46.508127] No pending tasks. Cooling down.
[2025-11-28T01:18:46.513740] No pending tasks. Cooling down.
[2025-11-28T01:20:46.519656] No pending tasks. Cooling down.
[2025-11-28T01:22:46.527836] No pending tasks. Cooling down.
[2025-11-28T01:24:46.536589] No pending tasks. Cooling down.
[2025-11-28T01:26:46.541433] No pending tasks. Cooling down.
[2025-11-28T01:28:46.546979] No pending tasks. Cooling down.
[2025-11-28T01:30:46.554712] No pending tasks. Cooling down.
[2025-11-28T01:32:46.568809] No pending tasks. Cooling down.
[2025-11-28T01:34:46.582685] No pending tasks. Cooling down.
[2025-11-28T01:36:46.587717] No pending tasks. Cooling down.
[2025-11-28T01:38:46.596477] No pending tasks. Cooling down.
[2025-11-28T01:40:46.605372] No pending tasks. Cooling down.
[2025-11-28T01:42:46.612825] No pending tasks. Cooling down.
[2025-11-28T01:44:46.586646] No pending tasks. Cooling down.
[2025-11-28T01:46:46.596917] No pending tasks. Cooling down.
[2025-11-28T01:48:46.605498] No pending tasks. Cooling down.
[2025-11-28T01:50:46.616262] No pending tasks. Cooling down.
[2025-11-28T01:52:46.626543] No pending tasks. Cooling down.
[2025-11-28T01:54:46.637597] No pending tasks. Cooling down.
[2025-11-28T01:56:46.646938] No pending tasks. Cooling down.
[2025-11-28T01:58:46.654972] No pending tasks. Cooling down.
[2025-11-28T02:00:46.661041] No pending tasks. Cooling down.
[2025-11-28T02:02:46.669140] No pending tasks. Cooling down.
[2025-11-28T02:04:46.678848] No pending tasks. Cooling down.
[2025-11-28T02:06:46.687440] No pending tasks. Cooling down.
[2025-11-28T02:08:46.703647] No pending tasks. Cooling down.
[2025-11-28T02:10:46.715322] No pending tasks. Cooling down.
[2025-11-28T02:12:46.725677] No pending tasks. Cooling down.
[2025-11-28T02:14:46.730160] No pending tasks. Cooling down.
[2025-11-28T02:16:46.740089] No pending tasks. Cooling down.
[2025-11-28T02:18:46.753249] No pending tasks. Cooling down.
[2025-11-28T02:20:46.764848] No pending tasks. Cooling down.
[2025-11-28T02:22:46.775842] No pending tasks. Cooling down.
[2025-11-28T02:24:46.789230] No pending tasks. Cooling down.
[2025-11-28T02:26:46.798860] No pending tasks. Cooling down.
[2025-11-28T02:28:46.809003] No pending tasks. Cooling down.
[2025-11-28T02:30:46.815572] No pending tasks. Cooling down.
[2025-11-28T02:32:46.826084] No pending tasks. Cooling down.
[2025-11-28T02:34:46.834020] No pending tasks. Cooling down.
[2025-11-28T02:36:46.837393] No pending tasks. Cooling down.
[2025-11-28T02:38:46.851002] No pending tasks. Cooling down.
[2025-11-28T02:40:46.862676] No pending tasks. Cooling down.
[2025-11-28T02:42:46.873574] No pending tasks. Cooling down.
[2025-11-28T02:44:46.891508] No pending tasks. Cooling down.
[2025-11-28T02:46:46.896900] No pending tasks. Cooling down.
[2025-11-28T02:48:46.900754] No pending tasks. Cooling down.
[2025-11-28T02:50:46.907142] No pending tasks. Cooling down.
[2025-11-28T02:52:46.911729] No pending tasks. Cooling down.
[2025-11-28T02:54:46.917738] No pending tasks. Cooling down.
[2025-11-28T02:56:46.924233] No pending tasks. Cooling down.
[2025-11-28T02:58:46.936716] No pending tasks. Cooling down.
[2025-11-28T03:00:46.944222] No pending tasks. Cooling down.
[2025-11-28T03:02:46.950838] No pending tasks. Cooling down.
[2025-11-28T03:04:46.952956] No pending tasks. Cooling down.
[2025-11-28T03:06:46.955484] No pending tasks. Cooling down.
[2025-11-28T03:08:46.959848] No pending tasks. Cooling down.
[2025-11-28T03:10:46.963785] No pending tasks. Cooling down.
[2025-11-28T03:12:46.967725] No pending tasks. Cooling down.
[2025-11-28T03:14:46.972604] No pending tasks. Cooling down.
[2025-11-28T03:16:46.955220] No pending tasks. Cooling down.
[2025-11-28T03:18:46.948098] No pending tasks. Cooling down.
[2025-11-28T03:20:46.954014] No pending tasks. Cooling down.
[2025-11-28T03:22:46.956249] No pending tasks. Cooling down.
[2025-11-28T03:24:46.960792] No pending tasks. Cooling down.
[2025-11-28T03:26:46.965162] No pending tasks. Cooling down.
[2025-11-28T03:28:46.968810] No pending tasks. Cooling down.
[2025-11-28T03:30:46.978578] No pending tasks. Cooling down.
[2025-11-28T03:32:46.983298] No pending tasks. Cooling down.
[2025-11-28T03:34:46.987216] No pending tasks. Cooling down.
[2025-11-28T03:36:46.996134] No pending tasks. Cooling down.
[2025-11-28T03:38:47.005651] No pending tasks. Cooling down.
[2025-11-28T03:40:47.014914] No pending tasks. Cooling down.
[2025-11-28T03:42:47.027131] No pending tasks. Cooling down.
[2025-11-28T03:44:47.030320] No pending tasks. Cooling down.
[2025-11-28T03:46:47.043061] No pending tasks. Cooling down.
[2025-11-28T03:48:47.052050] No pending tasks. Cooling down.
[2025-11-28T03:50:47.059397] No pending tasks. Cooling down.
[2025-11-28T03:52:47.069029] No pending tasks. Cooling down.
[2025-11-28T03:54:47.075285] No pending tasks. Cooling down.
[2025-11-28T03:56:47.079597] No pending tasks. Cooling down.
[2025-11-28T03:58:47.081957] No pending tasks. Cooling down.
[2025-11-28T04:00:47.167043] No pending tasks. Cooling down.
[2025-11-28T04:02:47.173482] No pending tasks. Cooling down.
[2025-11-28T04:04:47.186312] No pending tasks. Cooling down.
[2025-11-28T04:06:47.200843] No pending tasks. Cooling down.
[2025-11-28T04:08:47.215660] No pending tasks. Cooling down.
[2025-11-28T04:10:47.223079] No pending tasks. Cooling down.
[2025-11-28T04:12:47.229226] No pending tasks. Cooling down.
[2025-11-28T04:14:47.244673] No pending tasks. Cooling down.
[2025-11-28T04:16:47.254045] No pending tasks. Cooling down.
[2025-11-28T04:18:47.264686] No pending tasks. Cooling down.
[2025-11-28T04:20:47.270252] No pending tasks. Cooling down.
[2025-11-28T04:22:47.279629] No pending tasks. Cooling down.
[2025-11-28T04:24:47.286352] No pending tasks. Cooling down.
[2025-11-28T04:26:47.290618] No pending tasks. Cooling down.
[2025-11-28T04:28:47.296081] No pending tasks. Cooling down.
[2025-11-28T04:30:47.301569] No pending tasks. Cooling down.
[2025-11-28T04:32:47.313043] No pending tasks. Cooling down.
[2025-11-28T04:34:47.326598] No pending tasks. Cooling down.
[2025-11-28T04:36:47.333260] No pending tasks. Cooling down.
[2025-11-28T04:38:47.344976] No pending tasks. Cooling down.
[2025-11-28T04:40:47.351849] No pending tasks. Cooling down.
[2025-11-28T04:42:47.359689] No pending tasks. Cooling down.
[2025-11-28T04:44:47.372175] No pending tasks. Cooling down.
[2025-11-28T04:46:47.377006] No pending tasks. Cooling down.
[2025-11-28T04:48:47.389944] No pending tasks. Cooling down.
[2025-11-28T04:50:47.398140] No pending tasks. Cooling down.
[2025-11-28T04:52:47.407650] No pending tasks. Cooling down.
[2025-11-28T04:54:47.407423] No pending tasks. Cooling down.
[2025-11-28T04:56:47.422955] No pending tasks. Cooling down.
[2025-11-28T04:58:47.430446] No pending tasks. Cooling down.
[2025-11-28T05:00:47.440409] No pending tasks. Cooling down.
[2025-11-28T05:02:47.448627] No pending tasks. Cooling down.
[2025-11-28T05:04:47.458498] No pending tasks. Cooling down.
[2025-11-28T05:06:47.462983] No pending tasks. Cooling down.
[2025-11-28T05:08:47.467233] No pending tasks. Cooling down.
[2025-11-28T05:10:47.473304] No pending tasks. Cooling down.
[2025-11-28T05:12:47.477307] No pending tasks. Cooling down.
[2025-11-28T05:14:47.481589] No pending tasks. Cooling down.
[2025-11-28T05:16:47.485417] No pending tasks. Cooling down.
[2025-11-28T05:18:47.490021] No pending tasks. Cooling down.
[2025-11-28T05:20:47.443018] No pending tasks. Cooling down.
[2025-11-28T05:22:47.445480] No pending tasks. Cooling down.
[2025-11-28T05:24:47.450822] No pending tasks. Cooling down.
[2025-11-28T05:26:47.459549] No pending tasks. Cooling down.
[2025-11-28T05:28:47.471958] No pending tasks. Cooling down.
[2025-11-28T05:30:47.478158] No pending tasks. Cooling down.
[2025-11-28T05:32:47.482527] No pending tasks. Cooling down.
[2025-11-28T05:34:47.485397] No pending tasks. Cooling down.
[2025-11-28T05:36:47.487635] No pending tasks. Cooling down.
[2025-11-28T05:38:47.494443] No pending tasks. Cooling down.
[2025-11-28T05:40:47.499342] No pending tasks. Cooling down.
[2025-11-28T05:42:47.501593] No pending tasks. Cooling down.
[2025-11-28T05:44:47.511172] No pending tasks. Cooling down.
[2025-11-28T05:46:47.515431] No pending tasks. Cooling down.
[2025-11-28T05:48:47.514129] No pending tasks. Cooling down.
[2025-11-28T05:50:47.518503] No pending tasks. Cooling down.
[2025-11-28T05:52:47.523734] No pending tasks. Cooling down.
[2025-11-28T05:54:47.529407] No pending tasks. Cooling down.
[2025-11-28T05:56:47.538485] No pending tasks. Cooling down.
[2025-11-28T05:58:47.544421] No pending tasks. Cooling down.
[2025-11-28T06:00:47.555813] No pending tasks. Cooling down.
[2025-11-28T06:02:47.558823] No pending tasks. Cooling down.
[2025-11-28T06:04:47.566060] No pending tasks. Cooling down.
[2025-11-28T06:06:47.570910] No pending tasks. Cooling down.
[2025-11-28T06:08:47.580590] No pending tasks. Cooling down.
[2025-11-28T06:10:47.592552] No pending tasks. Cooling down.
[2025-11-28T06:12:47.595142] No pending tasks. Cooling down.
[2025-11-28T06:14:47.607773] No pending tasks. Cooling down.
[2025-11-28T06:16:47.691758] No pending tasks. Cooling down.
[2025-11-28T06:18:47.700793] No pending tasks. Cooling down.
[2025-11-28T06:20:47.706451] No pending tasks. Cooling down.
[2025-11-28T06:22:47.716204] No pending tasks. Cooling down.
[2025-11-28T06:24:47.730873] No pending tasks. Cooling down.
[2025-11-28T06:26:47.739937] No pending tasks. Cooling down.
[2025-11-28T06:28:47.754937] No pending tasks. Cooling down.
[2025-11-28T06:30:47.764627] No pending tasks. Cooling down.
[2025-11-28T06:32:47.779028] No pending tasks. Cooling down.
[2025-11-28T06:34:47.787694] No pending tasks. Cooling down.
[2025-11-28T06:36:47.795336] No pending tasks. Cooling down.
[2025-11-28T06:38:47.809937] No pending tasks. Cooling down.
[2025-11-28T06:40:47.814244] No pending tasks. Cooling down.
[2025-11-28T06:42:47.791773] No pending tasks. Cooling down.
[2025-11-28T06:44:47.798330] No pending tasks. Cooling down.
[2025-11-28T06:46:47.805699] No pending tasks. Cooling down.
[2025-11-28T06:48:47.814982] No pending tasks. Cooling down.
[2025-11-28T06:50:47.818137] No pending tasks. Cooling down.
[2025-11-28T06:52:47.827186] No pending tasks. Cooling down.
[2025-11-28T06:54:47.830911] No pending tasks. Cooling down.
[2025-11-28T06:56:47.837400] No pending tasks. Cooling down.
[2025-11-28T06:58:47.841560] No pending tasks. Cooling down.
[2025-11-28T07:00:47.846095] No pending tasks. Cooling down.
[2025-11-28T07:02:47.851793] No pending tasks. Cooling down.
[2025-11-28T07:04:47.856729] No pending tasks. Cooling down.
[2025-11-28T07:06:47.870307] No pending tasks. Cooling down.
[2025-11-28T07:08:47.881657] No pending tasks. Cooling down.
[2025-11-28T07:10:47.891447] No pending tasks. Cooling down.
[2025-11-28T07:12:47.899507] No pending tasks. Cooling down.
[2025-11-28T07:14:47.910265] No pending tasks. Cooling down.
[2025-11-28T07:16:47.915539] No pending tasks. Cooling down.
[2025-11-28T07:18:47.926070] No pending tasks. Cooling down.
[2025-11-28T07:20:47.992719] No pending tasks. Cooling down.
[2025-11-28T07:22:48.002946] No pending tasks. Cooling down.
[2025-11-28T07:24:48.011886] No pending tasks. Cooling down.
[2025-11-28T07:26:48.018976] No pending tasks. Cooling down.
[2025-11-28T07:28:48.025451] No pending tasks. Cooling down.
[2025-11-28T07:30:48.033351] No pending tasks. Cooling down.
[2025-11-28T07:32:48.039345] No pending tasks. Cooling down.
[2025-11-28T07:34:48.046994] No pending tasks. Cooling down.
[2025-11-28T07:36:48.054875] No pending tasks. Cooling down.
[2025-11-28T07:38:48.061305] No pending tasks. Cooling down.
[2025-11-28T07:40:48.066408] No pending tasks. Cooling down.
[2025-11-28T07:42:48.071291] No pending tasks. Cooling down.
[2025-11-28T07:44:48.078330] No pending tasks. Cooling down.
[2025-11-28T07:46:48.028628] No pending tasks. Cooling down.
[2025-11-28T07:48:48.035559] No pending tasks. Cooling down.
[2025-11-28T07:50:48.041565] No pending tasks. Cooling down.
[2025-11-28T07:52:48.047187] No pending tasks. Cooling down.
[2025-11-28T07:54:48.051173] No pending tasks. Cooling down.
[2025-11-28T07:56:48.055380] No pending tasks. Cooling down.
[2025-11-28T07:58:48.059687] No pending tasks. Cooling down.
[2025-11-28T08:00:48.065557] No pending tasks. Cooling down.
[2025-11-28T08:02:48.069830] No pending tasks. Cooling down.
[2025-11-28T08:04:48.071812] No pending tasks. Cooling down.
[2025-11-28T08:06:48.081528] No pending tasks. Cooling down.
[2025-11-28T08:08:48.088927] No pending tasks. Cooling down.
[2025-11-28T08:10:48.137965] No pending tasks. Cooling down.
[2025-11-28T08:12:48.159451] No pending tasks. Cooling down.
[2025-11-28T08:14:48.174088] No pending tasks. Cooling down.
[2025-11-28T08:16:48.183592] No pending tasks. Cooling down.
[2025-11-28T08:18:48.193976] No pending tasks. Cooling down.
[2025-11-28T08:20:48.199875] No pending tasks. Cooling down.
[2025-11-28T08:22:48.204616] No pending tasks. Cooling down.
[2025-11-28T08:24:48.210517] No pending tasks. Cooling down.
[2025-11-28T08:26:48.217453] No pending tasks. Cooling down.
[2025-11-28T08:28:48.227398] No pending tasks. Cooling down.
[2025-11-28T08:30:48.236287] No pending tasks. Cooling down.
[2025-11-28T08:32:48.244574] No pending tasks. Cooling down.
[2025-11-28T08:34:48.256130] No pending tasks. Cooling down.
[2025-11-28T08:36:48.262731] No pending tasks. Cooling down.
[2025-11-28T08:38:48.272513] No pending tasks. Cooling down.
[2025-11-28T08:40:48.287889] No pending tasks. Cooling down.
[2025-11-28T08:42:48.302383] No pending tasks. Cooling down.
[2025-11-28T08:44:48.307343] No pending tasks. Cooling down.
[2025-11-28T08:46:48.316163] No pending tasks. Cooling down.
[2025-11-28T08:48:48.326496] No pending tasks. Cooling down.
[2025-11-28T08:50:48.334053] No pending tasks. Cooling down.
[2025-11-28T08:52:48.343614] No pending tasks. Cooling down.
[2025-11-28T08:54:48.350978] No pending tasks. Cooling down.
[2025-11-28T08:56:48.362568] No pending tasks. Cooling down.
[2025-11-28T08:58:48.372365] No pending tasks. Cooling down.
[2025-11-28T09:00:48.381933] No pending tasks. Cooling down.
[2025-11-28T09:02:48.389116] No pending tasks. Cooling down.
[2025-11-28T09:04:48.397222] No pending tasks. Cooling down.
[2025-11-28T09:06:48.400754] No pending tasks. Cooling down.
[2025-11-28T09:08:48.411275] No pending tasks. Cooling down.
[2025-11-28T09:10:48.428475] No pending tasks. Cooling down.
[2025-11-28T09:12:48.442830] No pending tasks. Cooling down.
[2025-11-28T09:14:48.450428] No pending tasks. Cooling down.
[2025-11-28T09:16:48.460343] No pending tasks. Cooling down.
[2025-11-28T09:18:48.467117] No pending tasks. Cooling down.
[2025-11-28T09:20:48.481492] No pending tasks. Cooling down.
[2025-11-28T09:22:48.488350] No pending tasks. Cooling down.
[2025-11-28T09:24:48.498428] No pending tasks. Cooling down.
[2025-11-28T09:26:48.503488] No pending tasks. Cooling down.
[2025-11-28T09:28:48.515721] No pending tasks. Cooling down.
[2025-11-28T09:30:48.531193] No pending tasks. Cooling down.
[2025-11-28T09:32:48.540251] No pending tasks. Cooling down.
[2025-11-28T09:34:48.553580] No pending tasks. Cooling down.
[2025-11-28T09:36:48.563183] No pending tasks. Cooling down.
[2025-11-28T09:38:48.568699] No pending tasks. Cooling down.
[2025-11-28T09:40:48.574961] No pending tasks. Cooling down.
[2025-11-28T09:42:48.580033] No pending tasks. Cooling down.
[2025-11-28T09:44:48.589556] No pending tasks. Cooling down.
[2025-11-28T09:46:48.602850] No pending tasks. Cooling down.
[2025-11-28T09:48:48.617907] No pending tasks. Cooling down.
[2025-11-28T09:50:48.629176] No pending tasks. Cooling down.
[2025-11-28T09:52:48.635505] No pending tasks. Cooling down.
[2025-11-28T09:54:48.641776] No pending tasks. Cooling down.
[2025-11-28T09:56:48.635725] No pending tasks. Cooling down.
[2025-11-28T09:58:48.639744] No pending tasks. Cooling down.
[2025-11-28T10:00:48.644558] No pending tasks. Cooling down.
[2025-11-28T10:02:48.647872] No pending tasks. Cooling down.
[2025-11-28T10:04:48.652875] No pending tasks. Cooling down.
[2025-11-28T10:06:48.656809] No pending tasks. Cooling down.
[2025-11-28T10:08:48.663401] No pending tasks. Cooling down.
[2025-11-28T10:10:48.667794] No pending tasks. Cooling down.
[2025-11-28T10:12:48.673180] No pending tasks. Cooling down.
[2025-11-28T10:14:48.678766] No pending tasks. Cooling down.
[2025-11-28T10:16:48.682627] No pending tasks. Cooling down.
[2025-11-28T10:18:48.687723] No pending tasks. Cooling down.
[2025-11-28T10:20:48.686920] No pending tasks. Cooling down.
[2025-11-28T10:22:48.691920] No pending tasks. Cooling down.
[2025-11-28T10:24:48.699975] No pending tasks. Cooling down.
[2025-11-28T10:26:48.709445] No pending tasks. Cooling down.
[2025-11-28T10:28:48.718028] No pending tasks. Cooling down.
[2025-11-28T10:30:48.723851] No pending tasks. Cooling down.
[2025-11-28T10:32:48.726855] No pending tasks. Cooling down.
[2025-11-28T10:34:48.731561] No pending tasks. Cooling down.
[2025-11-28T10:36:48.740770] No pending tasks. Cooling down.
[2025-11-28T10:38:48.752332] No pending tasks. Cooling down.
[2025-11-28T10:40:48.761239] No pending tasks. Cooling down.
[2025-11-28T10:42:48.773932] No pending tasks. Cooling down.
[2025-11-28T10:44:48.778998] No pending tasks. Cooling down.
[2025-11-28T10:46:48.786561] No pending tasks. Cooling down.
[2025-11-28T10:48:48.797821] No pending tasks. Cooling down.
[2025-11-28T10:50:48.809652] No pending tasks. Cooling down.
[2025-11-28T10:52:48.816027] No pending tasks. Cooling down.
[2025-11-28T10:54:48.822633] No pending tasks. Cooling down.
[2025-11-28T10:56:48.829978] No pending tasks. Cooling down.
[2025-11-28T10:58:48.836804] No pending tasks. Cooling down.
[2025-11-28T11:00:48.840218] No pending tasks. Cooling down.
[2025-11-28T11:02:48.842820] No pending tasks. Cooling down.
[2025-11-28T11:04:48.844716] No pending tasks. Cooling down.
[2025-11-28T11:06:48.847522] No pending tasks. Cooling down.
[2025-11-28T11:08:48.849646] No pending tasks. Cooling down.
[2025-11-28T11:10:48.852330] No pending tasks. Cooling down.
[2025-11-28T11:12:48.855317] No pending tasks. Cooling down.
[2025-11-28T11:14:48.860646] No pending tasks. Cooling down.
[2025-11-28T11:16:48.853269] No pending tasks. Cooling down.
[2025-11-28T11:18:48.852268] No pending tasks. Cooling down.
[2025-11-28T11:20:48.860242] No pending tasks. Cooling down.
[2025-11-28T11:22:48.865147] No pending tasks. Cooling down.
[2025-11-28T11:24:48.875229] No pending tasks. Cooling down.
[2025-11-28T11:26:48.888934] No pending tasks. Cooling down.
[2025-11-28T11:28:48.893593] No pending tasks. Cooling down.
[2025-11-28T11:30:48.899652] No pending tasks. Cooling down.
[2025-11-28T11:32:48.905067] No pending tasks. Cooling down.
[2025-11-28T11:34:48.912492] No pending tasks. Cooling down.
[2025-11-28T11:36:48.915767] No pending tasks. Cooling down.
[2025-11-28T11:38:48.926268] No pending tasks. Cooling down.
[2025-11-28T11:40:48.934711] No pending tasks. Cooling down.
[2025-11-28T11:42:48.941941] No pending tasks. Cooling down.
[2025-11-28T11:44:48.950776] No pending tasks. Cooling down.
[2025-11-28T11:46:48.955276] No pending tasks. Cooling down.
[2025-11-28T11:48:48.967058] No pending tasks. Cooling down.
[2025-11-28T11:50:48.973339] No pending tasks. Cooling down.
[2025-11-28T11:52:48.986712] No pending tasks. Cooling down.
[2025-11-28T11:54:48.998474] No pending tasks. Cooling down.
[2025-11-28T11:56:49.012627] No pending tasks. Cooling down.
[2025-11-28T11:58:49.021167] No pending tasks. Cooling down.
[2025-11-28T12:00:49.035024] No pending tasks. Cooling down.
[2025-11-28T12:02:49.039467] No pending tasks. Cooling down.
[2025-11-28T12:04:49.047614] No pending tasks. Cooling down.
[2025-11-28T12:06:49.053103] No pending tasks. Cooling down.
[2025-11-28T12:08:49.062159] No pending tasks. Cooling down.
[2025-11-28T12:10:49.052284] No pending tasks. Cooling down.
[2025-11-28T12:12:49.064562] No pending tasks. Cooling down.
[2025-11-28T12:14:49.078013] No pending tasks. Cooling down.
[2025-11-28T12:16:49.080659] No pending tasks. Cooling down.
[2025-11-28T12:18:49.083408] No pending tasks. Cooling down.
[2025-11-28T12:20:49.087532] No pending tasks. Cooling down.
[2025-11-28T12:22:49.090379] No pending tasks. Cooling down.
[2025-11-28T12:24:49.096327] No pending tasks. Cooling down.
[2025-11-28T12:26:49.104055] No pending tasks. Cooling down.
[2025-11-28T12:28:49.106990] No pending tasks. Cooling down.
[2025-11-28T12:30:49.118599] No pending tasks. Cooling down.
[2025-11-28T12:32:49.127076] No pending tasks. Cooling down.
[2025-11-28T12:34:49.130331] No pending tasks. Cooling down.
[2025-11-28T12:36:49.177089] No pending tasks. Cooling down.
[2025-11-28T12:38:49.182631] No pending tasks. Cooling down.
[2025-11-28T12:40:49.187856] No pending tasks. Cooling down.
[2025-11-28T12:42:49.192506] No pending tasks. Cooling down.
[2025-11-28T12:44:49.197811] No pending tasks. Cooling down.
[2025-11-28T12:46:49.202459] No pending tasks. Cooling down.
[2025-11-28T12:48:49.207083] No pending tasks. Cooling down.
[2025-11-28T12:50:49.215519] No pending tasks. Cooling down.
[2025-11-28T12:52:49.219564] No pending tasks. Cooling down.
[2025-11-28T12:54:49.223082] No pending tasks. Cooling down.
[2025-11-28T12:56:49.231094] No pending tasks. Cooling down.
[2025-11-28T12:58:49.242330] No pending tasks. Cooling down.
[2025-11-28T13:00:49.253167] No pending tasks. Cooling down.
[2025-11-28T13:02:49.251083] No pending tasks. Cooling down.
[2025-11-28T13:04:49.253275] No pending tasks. Cooling down.
[2025-11-28T13:06:49.257997] No pending tasks. Cooling down.
[2025-11-28T13:08:49.264392] No pending tasks. Cooling down.
[2025-11-28T13:10:49.263211] No pending tasks. Cooling down.
[2025-11-28T13:12:49.280101] No pending tasks. Cooling down.
[2025-11-28T13:14:49.294098] No pending tasks. Cooling down.
[2025-11-28T13:16:49.300795] No pending tasks. Cooling down.
[2025-11-28T13:18:49.308044] No pending tasks. Cooling down.
[2025-11-28T13:20:49.313098] No pending tasks. Cooling down.
[2025-11-28T13:22:49.315989] No pending tasks. Cooling down.
[2025-11-28T13:24:49.319692] No pending tasks. Cooling down.
[2025-11-28T13:26:49.324074] No pending tasks. Cooling down.
[2025-11-28T13:28:49.327407] No pending tasks. Cooling down.
[2025-11-28T13:30:49.335011] No pending tasks. Cooling down.
[2025-11-28T13:32:49.339985] No pending tasks. Cooling down.
[2025-11-28T13:34:49.345952] No pending tasks. Cooling down.
[2025-11-28T13:36:49.354171] No pending tasks. Cooling down.
[2025-11-28T13:38:49.363963] No pending tasks. Cooling down.
[2025-11-28T13:40:49.374354] No pending tasks. Cooling down.
[2025-11-28T13:42:49.383850] No pending tasks. Cooling down.
[2025-11-28T13:44:49.391990] No pending tasks. Cooling down.
[2025-11-28T13:46:49.398882] No pending tasks. Cooling down.
[2025-11-28T13:48:49.407586] No pending tasks. Cooling down.
[2025-11-28T13:50:49.412040] No pending tasks. Cooling down.
[2025-11-28T13:52:49.416347] No pending tasks. Cooling down.
[2025-11-28T13:54:49.440158] No pending tasks. Cooling down.
[2025-11-28T13:56:49.451073] No pending tasks. Cooling down.
[2025-11-28T13:58:49.457446] No pending tasks. Cooling down.
[2025-11-28T14:00:49.464782] No pending tasks. Cooling down.
[2025-11-28T14:02:49.472160] No pending tasks. Cooling down.
[2025-11-28T14:04:49.482144] No pending tasks. Cooling down.
[2025-11-28T14:06:49.487229] No pending tasks. Cooling down.
[2025-11-28T14:08:49.501682] No pending tasks. Cooling down.
[2025-11-28T14:10:49.507447] No pending tasks. Cooling down.
[2025-11-28T14:12:49.522303] No pending tasks. Cooling down.
[2025-11-28T14:14:49.527398] No pending tasks. Cooling down.
[2025-11-28T14:16:49.535236] No pending tasks. Cooling down.
[2025-11-28T14:18:49.546020] No pending tasks. Cooling down.
[2025-11-28T14:20:49.559189] No pending tasks. Cooling down.
[2025-11-28T14:22:49.570181] No pending tasks. Cooling down.
[2025-11-28T14:24:49.584851] No pending tasks. Cooling down.
[2025-11-28T14:26:49.590757] No pending tasks. Cooling down.
[2025-11-28T14:28:49.600611] No pending tasks. Cooling down.
[2025-11-28T14:30:49.606100] No pending tasks. Cooling down.
[2025-11-28T14:32:49.615262] No pending tasks. Cooling down.
[2025-11-28T14:34:49.628814] No pending tasks. Cooling down.
[2025-11-28T14:36:49.642537] No pending tasks. Cooling down.
[2025-11-28T14:38:49.653679] No pending tasks. Cooling down.
[2025-11-28T14:40:49.668121] No pending tasks. Cooling down.
[2025-11-28T14:42:49.675106] No pending tasks. Cooling down.
[2025-11-28T14:44:49.687053] No pending tasks. Cooling down.
[2025-11-28T14:46:49.693863] No pending tasks. Cooling down.
[2025-11-28T14:48:49.696423] No pending tasks. Cooling down.
[2025-11-28T14:50:49.707375] No pending tasks. Cooling down.
[2025-11-28T14:52:49.715082] No pending tasks. Cooling down.
[2025-11-28T14:54:49.723259] No pending tasks. Cooling down.
[2025-11-28T14:56:49.732595] No pending tasks. Cooling down.
[2025-11-28T14:58:49.736965] No pending tasks. Cooling down.
[2025-11-28T15:00:49.744793] No pending tasks. Cooling down.
[2025-11-28T15:02:49.749579] No pending tasks. Cooling down.
[2025-11-28T15:04:49.755385] No pending tasks. Cooling down.
[2025-11-28T15:06:49.760050] No pending tasks. Cooling down.
[2025-11-28T15:08:49.765712] No pending tasks. Cooling down.
[2025-11-28T15:10:49.770977] No pending tasks. Cooling down.
[2025-11-28T15:12:49.775474] No pending tasks. Cooling down.
[2025-11-28T15:14:49.754591] No pending tasks. Cooling down.
[2025-11-28T15:16:49.759264] No pending tasks. Cooling down.
[2025-11-28T15:18:49.763134] No pending tasks. Cooling down.
[2025-11-28T15:20:49.767891] No pending tasks. Cooling down.
[2025-11-28T15:22:49.771825] No pending tasks. Cooling down.
[2025-11-28T15:24:49.775600] No pending tasks. Cooling down.
[2025-11-28T15:26:49.779991] No pending tasks. Cooling down.
[2025-11-28T15:28:49.785691] No pending tasks. Cooling down.
[2025-11-28T15:30:49.789919] No pending tasks. Cooling down.
[2025-11-28T15:32:49.792735] No pending tasks. Cooling down.
[2025-11-28T15:34:49.796414] No pending tasks. Cooling down.
[2025-11-28T15:36:49.800871] No pending tasks. Cooling down.
[2025-11-28T15:38:49.815466] No pending tasks. Cooling down.
[2025-11-28T15:40:49.818780] No pending tasks. Cooling down.
[2025-11-28T15:42:49.838656] No pending tasks. Cooling down.
[2025-11-28T15:44:49.843276] No pending tasks. Cooling down.
[2025-11-28T15:46:49.849402] No pending tasks. Cooling down.
[2025-11-28T15:48:49.862784] No pending tasks. Cooling down.
[2025-11-28T15:50:49.868068] No pending tasks. Cooling down.
[2025-11-28T15:52:49.877669] No pending tasks. Cooling down.
[2025-11-28T15:54:49.885156] No pending tasks. Cooling down.
[2025-11-28T15:56:49.892040] No pending tasks. Cooling down.
[2025-11-28T15:58:49.902695] No pending tasks. Cooling down.
[2025-11-28T16:00:49.914501] No pending tasks. Cooling down.
[2025-11-28T16:02:49.920616] No pending tasks. Cooling down.
[2025-11-28T16:04:49.926957] No pending tasks. Cooling down.
[2025-11-28T16:06:49.941618] No pending tasks. Cooling down.
[2025-11-28T16:08:49.951395] No pending tasks. Cooling down.
[2025-11-28T16:10:49.964199] No pending tasks. Cooling down.
[2025-11-28T16:12:49.978350] No pending tasks. Cooling down.
[2025-11-28T16:14:49.989667] No pending tasks. Cooling down.
[2025-11-28T16:16:49.995492] No pending tasks. Cooling down.
[2025-11-28T16:18:50.010408] No pending tasks. Cooling down.
[2025-11-28T16:20:50.026438] No pending tasks. Cooling down.
[2025-11-28T16:22:50.033880] No pending tasks. Cooling down.
[2025-11-28T16:24:50.046222] No pending tasks. Cooling down.
[2025-11-28T16:26:50.056921] No pending tasks. Cooling down.
[2025-11-28T16:28:50.072441] No pending tasks. Cooling down.
[2025-11-28T16:30:50.087075] No pending tasks. Cooling down.
[2025-11-28T16:32:50.095150] No pending tasks. Cooling down.
[2025-11-28T16:34:50.105538] No pending tasks. Cooling down.
[2025-11-28T16:36:50.116189] No pending tasks. Cooling down.
[2025-11-28T16:38:50.131815] No pending tasks. Cooling down.
[2025-11-28T16:40:50.137990] No pending tasks. Cooling down.
[2025-11-28T16:42:50.145515] No pending tasks. Cooling down.
[2025-11-28T16:44:50.156067] No pending tasks. Cooling down.
[2025-11-28T16:46:50.171415] No pending tasks. Cooling down.
[2025-11-28T16:48:50.182128] No pending tasks. Cooling down.
[2025-11-28T16:50:50.138439] No pending tasks. Cooling down.
[2025-11-28T16:52:50.146933] No pending tasks. Cooling down.
[2025-11-28T16:54:50.153644] No pending tasks. Cooling down.
[2025-11-28T16:56:50.162199] No pending tasks. Cooling down.
[2025-11-28T16:58:50.167701] No pending tasks. Cooling down.
[2025-11-28T17:00:50.178222] No pending tasks. Cooling down.
[2025-11-28T17:02:50.190624] No pending tasks. Cooling down.
[2025-11-28T17:04:50.194376] No pending tasks. Cooling down.
[2025-11-28T17:06:50.197989] No pending tasks. Cooling down.
[2025-11-28T17:08:50.202061] No pending tasks. Cooling down.
[2025-11-28T17:10:50.205362] No pending tasks. Cooling down.
[2025-11-28T17:12:50.208049] No pending tasks. Cooling down.
[2025-11-28T17:14:50.214419] No pending tasks. Cooling down.
[2025-11-28T17:16:50.219739] No pending tasks. Cooling down.
[2025-11-28T17:18:50.222843] No pending tasks. Cooling down.
[2025-11-28T17:20:50.227883] No pending tasks. Cooling down.
[2025-11-28T17:22:50.238758] No pending tasks. Cooling down.
[2025-11-28T17:24:50.243139] No pending tasks. Cooling down.
[2025-11-28T17:26:50.246997] No pending tasks. Cooling down.
[2025-11-28T17:28:50.250697] No pending tasks. Cooling down.
[2025-11-28T17:30:50.318498] No pending tasks. Cooling down.
[2025-11-28T17:32:50.323985] No pending tasks. Cooling down.
[2025-11-28T17:34:50.328317] No pending tasks. Cooling down.
[2025-11-28T17:36:50.334022] No pending tasks. Cooling down.
[2025-11-28T17:38:50.342221] No pending tasks. Cooling down.
[2025-11-28T17:40:50.347568] No pending tasks. Cooling down.
[2025-11-28T17:42:50.354856] No pending tasks. Cooling down.
[2025-11-28T17:44:50.361291] No pending tasks. Cooling down.
[2025-11-28T17:46:50.365399] No pending tasks. Cooling down.
[2025-11-28T17:48:50.370878] No pending tasks. Cooling down.
[2025-11-28T17:50:50.379755] No pending tasks. Cooling down.
[2025-11-28T17:52:50.391176] No pending tasks. Cooling down.
[2025-11-28T17:54:50.405430] No pending tasks. Cooling down.
[2025-11-28T17:56:50.373185] No pending tasks. Cooling down.
[2025-11-28T17:58:50.385693] No pending tasks. Cooling down.
[2025-11-28T18:00:50.388242] No pending tasks. Cooling down.
[2025-11-28T18:02:50.391221] No pending tasks. Cooling down.
[2025-11-28T18:04:50.396393] No pending tasks. Cooling down.
[2025-11-28T18:06:50.406130] No pending tasks. Cooling down.
[2025-11-28T18:08:50.409774] No pending tasks. Cooling down.
[2025-11-28T18:10:50.415087] No pending tasks. Cooling down.
[2025-11-28T18:12:50.420961] No pending tasks. Cooling down.
[2025-11-28T18:14:50.434251] No pending tasks. Cooling down.
[2025-11-28T18:16:50.438756] No pending tasks. Cooling down.
[2025-11-28T18:18:50.446990] No pending tasks. Cooling down.
[2025-11-28T18:20:50.454125] No pending tasks. Cooling down.
[2025-11-28T18:22:50.461775] No pending tasks. Cooling down.
[2025-11-28T18:24:50.473541] No pending tasks. Cooling down.
[2025-11-28T18:26:50.480565] No pending tasks. Cooling down.
[2025-11-28T18:28:50.487299] No pending tasks. Cooling down.
[2025-11-28T18:30:50.493616] No pending tasks. Cooling down.
[2025-11-28T18:32:50.502037] No pending tasks. Cooling down.
[2025-11-28T18:34:50.514045] No pending tasks. Cooling down.
[2025-11-28T18:36:50.522724] No pending tasks. Cooling down.
[2025-11-28T18:38:50.528925] No pending tasks. Cooling down.
[2025-11-28T18:40:50.540302] No pending tasks. Cooling down.
[2025-11-28T18:42:50.549179] No pending tasks. Cooling down.
[2025-11-28T18:44:50.553572] No pending tasks. Cooling down.
[2025-11-28T18:46:50.558807] No pending tasks. Cooling down.
[2025-11-28T18:48:50.571000] No pending tasks. Cooling down.
[2025-11-28T18:50:50.581749] No pending tasks. Cooling down.
[2025-11-28T18:52:50.665116] No pending tasks. Cooling down.
[2025-11-28T18:54:50.674231] No pending tasks. Cooling down.
[2025-11-28T18:56:50.689165] No pending tasks. Cooling down.
[2025-11-28T18:58:50.696957] No pending tasks. Cooling down.
[2025-11-28T19:00:50.710926] No pending tasks. Cooling down.
[2025-11-28T19:02:50.720763] No pending tasks. Cooling down.
[2025-11-28T19:04:50.731502] No pending tasks. Cooling down.
[2025-11-28T19:06:50.745507] No pending tasks. Cooling down.
[2025-11-28T19:08:50.759815] No pending tasks. Cooling down.
[2025-11-28T19:10:50.773130] No pending tasks. Cooling down.
[2025-11-28T19:12:50.783090] No pending tasks. Cooling down.
[2025-11-28T19:14:50.797453] No pending tasks. Cooling down.
[2025-11-28T19:16:50.802250] No pending tasks. Cooling down.
[2025-11-28T19:18:50.809070] No pending tasks. Cooling down.
[2025-11-28T19:20:50.816106] No pending tasks. Cooling down.
[2025-11-28T19:22:50.820942] No pending tasks. Cooling down.
[2025-11-28T19:24:50.824950] No pending tasks. Cooling down.
[2025-11-28T19:26:50.832157] No pending tasks. Cooling down.
[2025-11-28T19:28:50.838884] No pending tasks. Cooling down.
[2025-11-28T19:30:50.832847] No pending tasks. Cooling down.
[2025-11-28T19:32:50.838455] No pending tasks. Cooling down.
[2025-11-28T19:34:50.846156] No pending tasks. Cooling down.
[2025-11-28T19:36:50.850840] No pending tasks. Cooling down.
[2025-11-28T19:38:50.856750] No pending tasks. Cooling down.
[2025-11-28T19:40:50.863187] No pending tasks. Cooling down.
[2025-11-28T19:42:50.871151] No pending tasks. Cooling down.
[2025-11-28T19:44:50.877667] No pending tasks. Cooling down.
[2025-11-28T19:46:50.883467] No pending tasks. Cooling down.
[2025-11-28T19:48:50.888728] No pending tasks. Cooling down.
[2025-11-28T19:50:50.892554] No pending tasks. Cooling down.
[2025-11-28T19:52:50.896453] No pending tasks. Cooling down.
[2025-11-28T19:54:50.870130] No pending tasks. Cooling down.
[2025-11-28T19:56:50.866931] No pending tasks. Cooling down.
[2025-11-28T19:58:50.869795] No pending tasks. Cooling down.
[2025-11-28T20:00:50.873071] No pending tasks. Cooling down.
[2025-11-28T20:02:50.876457] No pending tasks. Cooling down.
[2025-11-28T20:04:50.881415] No pending tasks. Cooling down.
[2025-11-28T20:06:50.893692] No pending tasks. Cooling down.
[2025-11-28T20:08:50.899607] No pending tasks. Cooling down.
[2025-11-28T20:10:50.903700] No pending tasks. Cooling down.
[2025-11-28T20:12:50.916731] No pending tasks. Cooling down.
[2025-11-28T20:14:50.927505] No pending tasks. Cooling down.
[2025-11-28T20:16:50.935668] No pending tasks. Cooling down.
[2025-11-28T20:18:50.945703] No pending tasks. Cooling down.
[2025-11-28T20:20:50.979152] No pending tasks. Cooling down.
[2025-11-28T20:22:50.988500] No pending tasks. Cooling down.
[2025-11-28T20:24:50.997250] No pending tasks. Cooling down.
[2025-11-28T20:26:51.006603] No pending tasks. Cooling down.
[2025-11-28T20:28:51.010993] No pending tasks. Cooling down.
[2025-11-28T20:30:51.014196] No pending tasks. Cooling down.
[2025-11-28T20:32:51.022736] No pending tasks. Cooling down.
[2025-11-28T20:34:51.036671] No pending tasks. Cooling down.
[2025-11-28T20:36:51.047571] No pending tasks. Cooling down.
[2025-11-28T20:38:51.053417] No pending tasks. Cooling down.
[2025-11-28T20:40:51.058396] No pending tasks. Cooling down.
[2025-11-28T20:42:51.063774] No pending tasks. Cooling down.
[2025-11-28T20:44:51.077638] No pending tasks. Cooling down.
[2025-11-28T20:46:51.086227] No pending tasks. Cooling down.
[2025-11-28T20:48:51.094124] No pending tasks. Cooling down.
[2025-11-28T20:50:51.106545] No pending tasks. Cooling down.
[2025-11-28T20:52:51.114443] No pending tasks. Cooling down.
[2025-11-28T20:54:51.118522] No pending tasks. Cooling down.
[2025-11-28T20:56:51.127120] No pending tasks. Cooling down.
[2025-11-28T20:58:51.133546] No pending tasks. Cooling down.
[2025-11-28T21:00:51.138954] No pending tasks. Cooling down.
[2025-11-28T21:02:51.150615] No pending tasks. Cooling down.
[2025-11-28T21:04:51.159007] No pending tasks. Cooling down.
[2025-11-28T21:06:51.167736] No pending tasks. Cooling down.
[2025-11-28T21:08:51.181447] No pending tasks. Cooling down.
[2025-11-28T21:10:51.188294] No pending tasks. Cooling down.
[2025-11-28T21:12:51.201384] No pending tasks. Cooling down.
[2025-11-28T21:14:51.209970] No pending tasks. Cooling down.
[2025-11-28T21:16:51.217191] No pending tasks. Cooling down.
[2025-11-28T21:18:51.181867] No pending tasks. Cooling down.
[2025-11-28T21:20:51.188311] No pending tasks. Cooling down.
[2025-11-28T21:22:51.198742] No pending tasks. Cooling down.
[2025-11-28T21:24:51.210061] No pending tasks. Cooling down.
[2025-11-28T21:26:51.217738] No pending tasks. Cooling down.
[2025-11-28T21:28:51.222248] No pending tasks. Cooling down.
[2025-11-28T21:30:51.226166] No pending tasks. Cooling down.
[2025-11-28T21:32:51.238947] No pending tasks. Cooling down.
[2025-11-28T21:34:51.249389] No pending tasks. Cooling down.
[2025-11-28T21:36:51.252169] No pending tasks. Cooling down.
[2025-11-28T21:38:51.260448] No pending tasks. Cooling down.
[2025-11-28T21:40:51.271439] No pending tasks. Cooling down.
[2025-11-28T21:42:51.281883] No pending tasks. Cooling down.
[2025-11-28T21:44:51.288044] No pending tasks. Cooling down.
[2025-11-28T21:46:51.292204] No pending tasks. Cooling down.
[2025-11-28T21:48:51.295002] No pending tasks. Cooling down.
[2025-11-28T21:50:51.299391] No pending tasks. Cooling down.
[2025-11-28T21:52:51.302134] No pending tasks. Cooling down.
[2025-11-28T21:54:51.306344] No pending tasks. Cooling down.
[2025-11-28T21:56:51.310883] No pending tasks. Cooling down.
[2025-11-28T21:58:51.314262] No pending tasks. Cooling down.
[2025-11-28T22:00:51.318785] No pending tasks. Cooling down.
[2025-11-28T22:02:51.321704] No pending tasks. Cooling down.
[2025-11-28T22:04:51.326269] No pending tasks. Cooling down.
[2025-11-28T22:06:51.331883] No pending tasks. Cooling down.
[2025-11-28T22:08:51.394271] No pending tasks. Cooling down.
[2025-11-28T22:10:51.398229] No pending tasks. Cooling down.
[2025-11-28T22:12:51.402761] No pending tasks. Cooling down.
[2025-11-28T22:14:51.410415] No pending tasks. Cooling down.
[2025-11-28T22:16:51.416361] No pending tasks. Cooling down.
[2025-11-28T22:18:51.423995] No pending tasks. Cooling down.
[2025-11-28T22:20:51.430981] No pending tasks. Cooling down.
[2025-11-28T22:22:51.443859] No pending tasks. Cooling down.
[2025-11-28T22:24:51.449883] No pending tasks. Cooling down.
[2025-11-28T22:26:51.459877] No pending tasks. Cooling down.
[2025-11-28T22:28:51.471003] No pending tasks. Cooling down.
[2025-11-28T22:30:51.475949] No pending tasks. Cooling down.
[2025-11-28T22:32:51.450395] No pending tasks. Cooling down.
[2025-11-28T22:34:51.459972] No pending tasks. Cooling down.
[2025-11-28T22:36:51.468570] No pending tasks. Cooling down.
[2025-11-28T22:38:51.481979] No pending tasks. Cooling down.
[2025-11-28T22:40:51.486379] No pending tasks. Cooling down.
[2025-11-28T22:42:51.492857] No pending tasks. Cooling down.
[2025-11-28T22:44:51.501500] No pending tasks. Cooling down.
[2025-11-28T22:46:51.510956] No pending tasks. Cooling down.
[2025-11-28T22:48:51.520972] No pending tasks. Cooling down.
[2025-11-28T22:50:51.527336] No pending tasks. Cooling down.
[2025-11-28T22:52:51.534411] No pending tasks. Cooling down.
[2025-11-28T22:54:51.540206] No pending tasks. Cooling down.
[2025-11-28T22:56:51.599953] No pending tasks. Cooling down.
[2025-11-28T22:58:51.605388] No pending tasks. Cooling down.
[2025-11-28T23:00:51.618734] No pending tasks. Cooling down.
[2025-11-28T23:02:51.632572] No pending tasks. Cooling down.
[2025-11-28T23:04:51.641014] No pending tasks. Cooling down.
[2025-11-28T23:06:51.656179] No pending tasks. Cooling down.
[2025-11-28T23:08:51.669410] No pending tasks. Cooling down.
[2025-11-28T23:10:51.674165] No pending tasks. Cooling down.
[2025-11-28T23:12:51.689559] No pending tasks. Cooling down.
[2025-11-28T23:14:51.697102] No pending tasks. Cooling down.
[2025-11-28T23:16:51.712880] No pending tasks. Cooling down.
[2025-11-28T23:18:51.721071] No pending tasks. Cooling down.
[2025-11-28T23:20:51.736071] No pending tasks. Cooling down.
[2025-11-28T23:22:51.748905] No pending tasks. Cooling down.
[2025-11-28T23:24:51.755057] No pending tasks. Cooling down.
[2025-11-28T23:26:51.763716] No pending tasks. Cooling down.
[2025-11-28T23:28:51.773957] No pending tasks. Cooling down.
[2025-11-28T23:30:51.785410] No pending tasks. Cooling down.
[2025-11-28T23:32:51.801387] No pending tasks. Cooling down.
[2025-11-28T23:34:51.812538] No pending tasks. Cooling down.
[2025-11-28T23:36:51.824893] No pending tasks. Cooling down.
[2025-11-28T23:38:51.840559] No pending tasks. Cooling down.
[2025-11-28T23:40:51.849804] No pending tasks. Cooling down.
[2025-11-28T23:42:51.863535] No pending tasks. Cooling down.
[2025-11-28T23:44:51.869458] No pending tasks. Cooling down.
[2025-11-28T23:46:51.883916] No pending tasks. Cooling down.
[2025-11-28T23:48:51.884846] No pending tasks. Cooling down.
[2025-11-28T23:50:51.898844] No pending tasks. Cooling down.
[2025-11-28T23:52:51.912108] No pending tasks. Cooling down.
[2025-11-28T23:54:51.917350] No pending tasks. Cooling down.
[2025-11-28T23:56:51.922236] No pending tasks. Cooling down.
[2025-11-28T23:58:51.930997] No pending tasks. Cooling down.
[2025-11-29T00:00:51.938319] No pending tasks. Cooling down.
[2025-11-29T00:02:51.947016] No pending tasks. Cooling down.
[2025-11-29T00:04:51.956115] No pending tasks. Cooling down.
[2025-11-29T00:06:51.969384] No pending tasks. Cooling down.
[2025-11-29T00:08:51.975379] No pending tasks. Cooling down.
[2025-11-29T00:10:51.980454] No pending tasks. Cooling down.
[2025-11-29T00:12:51.986504] No pending tasks. Cooling down.
[2025-11-29T00:14:51.916075] No pending tasks. Cooling down.
[2025-11-29T00:16:51.919396] No pending tasks. Cooling down.
[2025-11-29T00:18:51.922313] No pending tasks. Cooling down.
[2025-11-29T00:20:51.926328] No pending tasks. Cooling down.
[2025-11-29T00:22:51.928979] No pending tasks. Cooling down.
[2025-11-29T00:24:51.934818] No pending tasks. Cooling down.
[2025-11-29T00:26:51.940194] No pending tasks. Cooling down.
[2025-11-29T00:28:51.942977] No pending tasks. Cooling down.
[2025-11-29T00:30:51.945290] No pending tasks. Cooling down.
[2025-11-29T00:32:51.949490] No pending tasks. Cooling down.
[2025-11-29T00:34:51.953327] No pending tasks. Cooling down.
[2025-11-29T00:36:51.956665] No pending tasks. Cooling down.
[2025-11-29T00:38:51.964006] No pending tasks. Cooling down.
[2025-11-29T00:40:52.009164] No pending tasks. Cooling down.
[2025-11-29T00:42:52.017665] No pending tasks. Cooling down.
[2025-11-29T00:44:52.023180] No pending tasks. Cooling down.
[2025-11-29T00:46:52.029466] No pending tasks. Cooling down.
[2025-11-29T00:48:52.036220] No pending tasks. Cooling down.
[2025-11-29T00:50:52.045032] No pending tasks. Cooling down.
[2025-11-29T00:52:52.054886] No pending tasks. Cooling down.
[2025-11-29T00:54:52.063663] No pending tasks. Cooling down.
[2025-11-29T00:56:52.078648] No pending tasks. Cooling down.
[2025-11-29T00:58:52.090902] No pending tasks. Cooling down.
[2025-11-29T01:00:52.099127] No pending tasks. Cooling down.
[2025-11-29T01:02:52.109191] No pending tasks. Cooling down.
[2025-11-29T01:04:52.119417] No pending tasks. Cooling down.
[2025-11-29T01:06:52.133540] No pending tasks. Cooling down.
[2025-11-29T01:08:52.138396] No pending tasks. Cooling down.
[2025-11-29T01:10:52.152723] No pending tasks. Cooling down.
[2025-11-29T01:12:52.165639] No pending tasks. Cooling down.
[2025-11-29T01:14:52.170009] No pending tasks. Cooling down.
[2025-11-29T01:16:52.183827] No pending tasks. Cooling down.
[2025-11-29T01:18:52.195379] No pending tasks. Cooling down.
[2025-11-29T01:20:52.207328] No pending tasks. Cooling down.
[2025-11-29T01:22:52.216313] No pending tasks. Cooling down.
[2025-11-29T01:24:52.220544] No pending tasks. Cooling down.
[2025-11-29T01:26:52.233921] No pending tasks. Cooling down.
[2025-11-29T01:28:52.231758] No pending tasks. Cooling down.
[2025-11-29T01:30:52.237271] No pending tasks. Cooling down.
[2025-11-29T01:32:52.243630] No pending tasks. Cooling down.
[2025-11-29T01:34:52.248471] No pending tasks. Cooling down.
[2025-11-29T01:36:52.255142] No pending tasks. Cooling down.
[2025-11-29T01:38:52.263871] No pending tasks. Cooling down.
[2025-11-29T01:40:52.268432] No pending tasks. Cooling down.
[2025-11-29T01:42:52.280288] No pending tasks. Cooling down.
[2025-11-29T01:44:52.291579] No pending tasks. Cooling down.
[2025-11-29T01:46:52.298021] No pending tasks. Cooling down.
[2025-11-29T01:48:52.308243] No pending tasks. Cooling down.
[2025-11-29T01:50:52.321162] No pending tasks. Cooling down.
[2025-11-29T01:52:52.330149] No pending tasks. Cooling down.
[2025-11-29T01:54:52.340469] No pending tasks. Cooling down.
[2025-11-29T01:56:52.349488] No pending tasks. Cooling down.
[2025-11-29T01:58:52.357970] No pending tasks. Cooling down.
[2025-11-29T02:00:52.371361] No pending tasks. Cooling down.
[2025-11-29T02:02:52.376301] No pending tasks. Cooling down.
[2025-11-29T02:04:52.384899] No pending tasks. Cooling down.
[2025-11-29T02:06:52.395491] No pending tasks. Cooling down.
[2025-11-29T02:08:52.405356] No pending tasks. Cooling down.
[2025-11-29T02:10:52.416199] No pending tasks. Cooling down.
[2025-11-29T02:12:52.420299] No pending tasks. Cooling down.
[2025-11-29T02:14:52.425876] No pending tasks. Cooling down.
[2025-11-29T02:16:52.431187] No pending tasks. Cooling down.
[2025-11-29T02:18:52.443939] No pending tasks. Cooling down.
[2025-11-29T02:20:52.441481] No pending tasks. Cooling down.
[2025-11-29T02:22:52.450117] No pending tasks. Cooling down.
[2025-11-29T02:24:52.455008] No pending tasks. Cooling down.
[2025-11-29T02:26:52.468586] No pending tasks. Cooling down.
[2025-11-29T02:28:52.472525] No pending tasks. Cooling down.
[2025-11-29T02:30:52.476186] No pending tasks. Cooling down.
[2025-11-29T02:32:52.480356] No pending tasks. Cooling down.
[2025-11-29T02:34:52.484950] No pending tasks. Cooling down.
[2025-11-29T02:36:52.488285] No pending tasks. Cooling down.
[2025-11-29T02:38:52.493063] No pending tasks. Cooling down.
[2025-11-29T02:40:52.497360] No pending tasks. Cooling down.
[2025-11-29T02:42:52.501416] No pending tasks. Cooling down.
[2025-11-29T02:44:52.505398] No pending tasks. Cooling down.
[2025-11-29T02:46:52.509107] No pending tasks. Cooling down.
[2025-11-29T02:48:52.537552] No pending tasks. Cooling down.
[2025-11-29T02:50:52.542993] No pending tasks. Cooling down.
[2025-11-29T02:52:52.547797] No pending tasks. Cooling down.
[2025-11-29T02:54:52.553246] No pending tasks. Cooling down.
[2025-11-29T02:56:52.562312] No pending tasks. Cooling down.
[2025-11-29T02:58:52.571933] No pending tasks. Cooling down.
[2025-11-29T03:00:52.582051] No pending tasks. Cooling down.
[2025-11-29T03:02:52.588432] No pending tasks. Cooling down.
[2025-11-29T03:04:52.602277] No pending tasks. Cooling down.
[2025-11-29T03:06:52.614743] No pending tasks. Cooling down.
[2025-11-29T03:08:52.626968] No pending tasks. Cooling down.
[2025-11-29T03:10:52.634832] No pending tasks. Cooling down.
[2025-11-29T03:12:52.644959] No pending tasks. Cooling down.
[2025-11-29T03:14:52.650147] No pending tasks. Cooling down.
[2025-11-29T03:16:52.655413] No pending tasks. Cooling down.
[2025-11-29T03:18:52.660043] No pending tasks. Cooling down.
[2025-11-29T03:20:52.659430] No pending tasks. Cooling down.
[2025-11-29T03:22:52.671312] No pending tasks. Cooling down.
[2025-11-29T03:24:52.677631] No pending tasks. Cooling down.
[2025-11-29T03:26:52.686302] No pending tasks. Cooling down.
[2025-11-29T03:28:52.699624] No pending tasks. Cooling down.
[2025-11-29T03:30:52.707616] No pending tasks. Cooling down.
[2025-11-29T03:32:52.717388] No pending tasks. Cooling down.
[2025-11-29T03:34:52.726653] No pending tasks. Cooling down.
[2025-11-29T03:36:52.735386] No pending tasks. Cooling down.
[2025-11-29T03:38:52.749175] No pending tasks. Cooling down.
[2025-11-29T03:40:52.763172] No pending tasks. Cooling down.
[2025-11-29T03:42:52.776670] No pending tasks. Cooling down.
[2025-11-29T03:44:52.788174] No pending tasks. Cooling down.
[2025-11-29T03:46:52.793908] No pending tasks. Cooling down.
[2025-11-29T03:48:52.797529] No pending tasks. Cooling down.
[2025-11-29T03:50:52.808067] No pending tasks. Cooling down.
[2025-11-29T03:52:52.815178] No pending tasks. Cooling down.
[2025-11-29T03:54:52.824097] No pending tasks. Cooling down.
[2025-11-29T03:56:52.832192] No pending tasks. Cooling down.
[2025-11-29T03:58:52.836453] No pending tasks. Cooling down.
[2025-11-29T04:00:52.849035] No pending tasks. Cooling down.
[2025-11-29T04:02:52.857831] No pending tasks. Cooling down.
[2025-11-29T04:04:52.868256] No pending tasks. Cooling down.
[2025-11-29T04:06:52.878206] No pending tasks. Cooling down.
[2025-11-29T04:08:52.903760] No pending tasks. Cooling down.
[2025-11-29T04:10:52.912451] No pending tasks. Cooling down.
[2025-11-29T04:12:52.926208] No pending tasks. Cooling down.
[2025-11-29T04:14:52.932918] No pending tasks. Cooling down.
[2025-11-29T04:16:52.947083] No pending tasks. Cooling down.
[2025-11-29T04:18:52.958556] No pending tasks. Cooling down.
[2025-11-29T04:20:52.965996] No pending tasks. Cooling down.
[2025-11-29T04:22:52.979424] No pending tasks. Cooling down.
[2025-11-29T04:24:52.993598] No pending tasks. Cooling down.
[2025-11-29T04:26:53.007423] No pending tasks. Cooling down.
[2025-11-29T04:28:53.021825] No pending tasks. Cooling down.
[2025-11-29T04:30:53.026413] No pending tasks. Cooling down.
[2025-11-29T04:32:53.032014] No pending tasks. Cooling down.
[2025-11-29T04:34:53.031827] No pending tasks. Cooling down.
[2025-11-29T04:36:53.027346] No pending tasks. Cooling down.
[2025-11-29T04:38:53.035166] No pending tasks. Cooling down.
[2025-11-29T04:40:53.046544] No pending tasks. Cooling down.
[2025-11-29T04:42:53.051992] No pending tasks. Cooling down.
[2025-11-29T04:44:53.061529] No pending tasks. Cooling down.
[2025-11-29T04:46:53.066738] No pending tasks. Cooling down.
[2025-11-29T04:48:53.071626] No pending tasks. Cooling down.
[2025-11-29T04:50:53.076065] No pending tasks. Cooling down.
[2025-11-29T04:52:53.079974] No pending tasks. Cooling down.
[2025-11-29T04:54:53.084512] No pending tasks. Cooling down.
[2025-11-29T04:56:53.089592] No pending tasks. Cooling down.
[2025-11-29T04:58:53.095007] No pending tasks. Cooling down.
[2025-11-29T05:00:53.099370] No pending tasks. Cooling down.
[2025-11-29T05:02:53.098639] No pending tasks. Cooling down.
[2025-11-29T05:04:53.104197] No pending tasks. Cooling down.
[2025-11-29T05:06:53.112899] No pending tasks. Cooling down.
[2025-11-29T05:08:53.121051] No pending tasks. Cooling down.
[2025-11-29T05:10:53.128340] No pending tasks. Cooling down.
[2025-11-29T05:12:53.136138] No pending tasks. Cooling down.
[2025-11-29T05:14:53.140743] No pending tasks. Cooling down.
[2025-11-29T05:16:53.146964] No pending tasks. Cooling down.
[2025-11-29T05:18:53.157550] No pending tasks. Cooling down.
[2025-11-29T05:20:53.168105] No pending tasks. Cooling down.
[2025-11-29T05:22:53.180660] No pending tasks. Cooling down.
[2025-11-29T05:24:53.186087] No pending tasks. Cooling down.
[2025-11-29T05:26:53.191533] No pending tasks. Cooling down.
[2025-11-29T05:28:53.204500] No pending tasks. Cooling down.
[2025-11-29T05:30:53.215475] No pending tasks. Cooling down.
[2025-11-29T05:32:53.221641] No pending tasks. Cooling down.
[2025-11-29T05:34:53.234234] No pending tasks. Cooling down.
[2025-11-29T05:36:53.248142] No pending tasks. Cooling down.
[2025-11-29T05:38:53.261446] No pending tasks. Cooling down.
[2025-11-29T05:40:53.265424] No pending tasks. Cooling down.
[2025-11-29T05:42:53.271368] No pending tasks. Cooling down.
[2025-11-29T05:44:53.275478] No pending tasks. Cooling down.
[2025-11-29T05:46:53.287378] No pending tasks. Cooling down.
[2025-11-29T05:48:53.313393] No pending tasks. Cooling down.
[2025-11-29T05:50:53.323960] No pending tasks. Cooling down.
[2025-11-29T05:52:53.329299] No pending tasks. Cooling down.
[2025-11-29T05:54:53.335071] No pending tasks. Cooling down.
[2025-11-29T05:56:53.348068] No pending tasks. Cooling down.
[2025-11-29T05:58:53.352163] No pending tasks. Cooling down.
[2025-11-29T06:00:53.363132] No pending tasks. Cooling down.
[2025-11-29T06:02:53.369891] No pending tasks. Cooling down.
[2025-11-29T06:04:53.382298] No pending tasks. Cooling down.
[2025-11-29T06:06:53.386665] No pending tasks. Cooling down.
[2025-11-29T06:08:53.391779] No pending tasks. Cooling down.
[2025-11-29T06:10:53.396842] No pending tasks. Cooling down.
[2025-11-29T06:12:53.412909] No pending tasks. Cooling down.
[2025-11-29T06:14:53.418247] No pending tasks. Cooling down.
[2025-11-29T06:16:53.427027] No pending tasks. Cooling down.
[2025-11-29T06:18:53.440708] No pending tasks. Cooling down.
[2025-11-29T06:20:53.448651] No pending tasks. Cooling down.
[2025-11-29T06:22:53.456082] No pending tasks. Cooling down.
[2025-11-29T06:24:53.462411] No pending tasks. Cooling down.
[2025-11-29T06:26:53.467788] No pending tasks. Cooling down.
[2025-11-29T06:28:53.470537] No pending tasks. Cooling down.
[2025-11-29T06:30:53.480532] No pending tasks. Cooling down.
[2025-11-29T06:32:53.495383] No pending tasks. Cooling down.
[2025-11-29T06:34:53.503052] No pending tasks. Cooling down.
[2025-11-29T06:36:53.514597] No pending tasks. Cooling down.
[2025-11-29T06:38:53.521596] No pending tasks. Cooling down.
[2025-11-29T06:40:53.525173] No pending tasks. Cooling down.
[2025-11-29T06:42:53.536972] No pending tasks. Cooling down.
[2025-11-29T06:44:53.543028] No pending tasks. Cooling down.
[2025-11-29T06:46:53.549253] No pending tasks. Cooling down.
[2025-11-29T06:48:53.563389] No pending tasks. Cooling down.
[2025-11-29T06:50:53.578837] No pending tasks. Cooling down.
[2025-11-29T06:52:53.582927] No pending tasks. Cooling down.
[2025-11-29T06:54:53.586910] No pending tasks. Cooling down.
[2025-11-29T06:56:53.594911] No pending tasks. Cooling down.
[2025-11-29T06:58:53.599988] No pending tasks. Cooling down.
[2025-11-29T07:00:53.603922] No pending tasks. Cooling down.
[2025-11-29T07:02:53.608986] No pending tasks. Cooling down.
[2025-11-29T07:04:53.614338] No pending tasks. Cooling down.
[2025-11-29T07:06:53.616342] No pending tasks. Cooling down.
[2025-11-29T07:08:53.623677] No pending tasks. Cooling down.
[2025-11-29T07:10:53.634694] No pending tasks. Cooling down.
[2025-11-29T07:12:53.640463] No pending tasks. Cooling down.
[2025-11-29T07:14:53.645004] No pending tasks. Cooling down.
[2025-11-29T07:16:53.649754] No pending tasks. Cooling down.
[2025-11-29T07:18:53.654638] No pending tasks. Cooling down.
[2025-11-29T07:20:53.660689] No pending tasks. Cooling down.
[2025-11-29T07:22:53.666296] No pending tasks. Cooling down.
[2025-11-29T07:24:53.671321] No pending tasks. Cooling down.
[2025-11-29T07:26:53.675528] No pending tasks. Cooling down.
[2025-11-29T07:28:53.681871] No pending tasks. Cooling down.
[2025-11-29T07:30:53.694956] No pending tasks. Cooling down.
[2025-11-29T07:32:53.638037] No pending tasks. Cooling down.
[2025-11-29T07:34:53.647305] No pending tasks. Cooling down.
[2025-11-29T07:36:53.651463] No pending tasks. Cooling down.
[2025-11-29T07:38:53.655283] No pending tasks. Cooling down.
[2025-11-29T07:40:53.661553] No pending tasks. Cooling down.
[2025-11-29T07:42:53.662354] No pending tasks. Cooling down.
[2025-11-29T07:44:53.665235] No pending tasks. Cooling down.
[2025-11-29T07:46:53.676366] No pending tasks. Cooling down.
[2025-11-29T07:48:53.687281] No pending tasks. Cooling down.
[2025-11-29T07:50:53.689282] No pending tasks. Cooling down.
[2025-11-29T07:52:53.691287] No pending tasks. Cooling down.
[2025-11-29T07:54:53.693269] No pending tasks. Cooling down.
[2025-11-29T07:56:53.700266] No pending tasks. Cooling down.
[2025-11-29T07:58:53.703590] No pending tasks. Cooling down.
[2025-11-29T08:00:53.735740] No pending tasks. Cooling down.
[2025-11-29T08:02:53.739234] No pending tasks. Cooling down.
[2025-11-29T08:04:53.751686] No pending tasks. Cooling down.
[2025-11-29T08:06:53.756617] No pending tasks. Cooling down.
[2025-11-29T08:08:53.768792] No pending tasks. Cooling down.
[2025-11-29T08:10:53.772207] No pending tasks. Cooling down.
[2025-11-29T08:12:53.781225] No pending tasks. Cooling down.
[2025-11-29T08:14:53.794465] No pending tasks. Cooling down.
[2025-11-29T08:16:53.797288] No pending tasks. Cooling down.
[2025-11-29T08:18:53.800219] No pending tasks. Cooling down.
[2025-11-29T08:20:53.812347] No pending tasks. Cooling down.
[2025-11-29T08:22:53.823467] No pending tasks. Cooling down.
[2025-11-29T08:24:53.830581] No pending tasks. Cooling down.
[2025-11-29T08:26:53.842984] No pending tasks. Cooling down.
[2025-11-29T08:28:53.847596] No pending tasks. Cooling down.
[2025-11-29T08:30:53.857098] No pending tasks. Cooling down.
[2025-11-29T08:32:53.860936] No pending tasks. Cooling down.
[2025-11-29T08:34:53.873524] No pending tasks. Cooling down.
[2025-11-29T08:36:53.876204] No pending tasks. Cooling down.
[2025-11-29T08:38:53.887350] No pending tasks. Cooling down.
[2025-11-29T08:40:53.837575] No pending tasks. Cooling down.
[2025-11-29T08:42:53.838017] No pending tasks. Cooling down.
[2025-11-29T08:44:53.842792] No pending tasks. Cooling down.
[2025-11-29T08:46:53.851576] No pending tasks. Cooling down.
[2025-11-29T08:48:53.857476] No pending tasks. Cooling down.
[2025-11-29T08:50:53.861712] No pending tasks. Cooling down.
[2025-11-29T08:52:53.866230] No pending tasks. Cooling down.
[2025-11-29T08:54:53.872466] No pending tasks. Cooling down.
[2025-11-29T08:56:53.873695] No pending tasks. Cooling down.
[2025-11-29T08:58:53.877233] No pending tasks. Cooling down.
[2025-11-29T09:00:53.888040] No pending tasks. Cooling down.
[2025-11-29T09:02:53.889810] No pending tasks. Cooling down.
[2025-11-29T09:04:53.898290] No pending tasks. Cooling down.
[2025-11-29T09:06:53.901385] No pending tasks. Cooling down.
[2025-11-29T09:08:53.984012] No pending tasks. Cooling down.
[2025-11-29T09:10:53.988859] No pending tasks. Cooling down.
[2025-11-29T09:12:53.991466] No pending tasks. Cooling down.
[2025-11-29T09:14:54.005259] No pending tasks. Cooling down.
[2025-11-29T09:16:54.012769] No pending tasks. Cooling down.
[2025-11-29T09:18:54.022796] No pending tasks. Cooling down.
[2025-11-29T09:20:54.032776] No pending tasks. Cooling down.
[2025-11-29T09:22:54.045666] No pending tasks. Cooling down.
[2025-11-29T09:24:54.048537] No pending tasks. Cooling down.
[2025-11-29T09:26:54.049667] No pending tasks. Cooling down.
[2025-11-29T09:28:54.053886] No pending tasks. Cooling down.
[2025-11-29T09:30:54.059912] No pending tasks. Cooling down.
[2025-11-29T09:32:54.064181] No pending tasks. Cooling down.
[2025-11-29T09:34:54.092263] No pending tasks. Cooling down.
[2025-11-29T09:36:54.121681] No pending tasks. Cooling down.
[2025-11-29T09:38:54.128229] No pending tasks. Cooling down.
[2025-11-29T09:40:54.133207] No pending tasks. Cooling down.
[2025-11-29T09:42:54.139125] No pending tasks. Cooling down.
[2025-11-29T09:44:54.144502] No pending tasks. Cooling down.
[2025-11-29T09:46:54.149453] No pending tasks. Cooling down.
[2025-11-29T09:48:54.153980] No pending tasks. Cooling down.
[2025-11-29T09:50:54.160619] No pending tasks. Cooling down.
[2025-11-29T09:52:54.166483] No pending tasks. Cooling down.
[2025-11-29T09:54:54.172146] No pending tasks. Cooling down.
[2025-11-29T09:56:54.178532] No pending tasks. Cooling down.
[2025-11-29T09:58:54.182840] No pending tasks. Cooling down.
[2025-11-29T10:00:54.190882] No pending tasks. Cooling down.
[2025-11-29T10:02:54.199023] No pending tasks. Cooling down.
[2025-11-29T10:04:54.208571] No pending tasks. Cooling down.
[2025-11-29T10:06:54.214826] No pending tasks. Cooling down.
[2025-11-29T10:08:54.220291] No pending tasks. Cooling down.
[2025-11-29T10:10:54.209378] No pending tasks. Cooling down.
[2025-11-29T10:12:54.216516] No pending tasks. Cooling down.
[2025-11-29T10:14:54.222938] No pending tasks. Cooling down.
[2025-11-29T10:16:54.237426] No pending tasks. Cooling down.
[2025-11-29T10:18:54.242774] No pending tasks. Cooling down.
[2025-11-29T10:20:54.253668] No pending tasks. Cooling down.
[2025-11-29T10:22:54.257413] No pending tasks. Cooling down.
[2025-11-29T10:24:54.268258] No pending tasks. Cooling down.
[2025-11-29T10:26:54.281503] No pending tasks. Cooling down.
[2025-11-29T10:28:54.287848] No pending tasks. Cooling down.
[2025-11-29T10:30:54.302461] No pending tasks. Cooling down.
[2025-11-29T10:32:54.314835] No pending tasks. Cooling down.
[2025-11-29T10:34:54.324289] No pending tasks. Cooling down.
[2025-11-29T10:36:54.339239] No pending tasks. Cooling down.
[2025-11-29T10:38:54.344256] No pending tasks. Cooling down.
[2025-11-29T10:40:54.350374] No pending tasks. Cooling down.
[2025-11-29T10:42:54.362549] No pending tasks. Cooling down.
[2025-11-29T10:44:54.366480] No pending tasks. Cooling down.
[2025-11-29T10:46:54.370664] No pending tasks. Cooling down.
[2025-11-29T10:48:54.376570] No pending tasks. Cooling down.
[2025-11-29T10:50:54.397571] No pending tasks. Cooling down.
[2025-11-29T10:52:54.402725] No pending tasks. Cooling down.
[2025-11-29T10:54:54.407316] No pending tasks. Cooling down.
[2025-11-29T10:56:54.421951] No pending tasks. Cooling down.
[2025-11-29T10:58:54.433920] No pending tasks. Cooling down.
[2025-11-29T11:00:54.447151] No pending tasks. Cooling down.
[2025-11-29T11:02:54.460888] No pending tasks. Cooling down.
[2025-11-29T11:04:54.470599] No pending tasks. Cooling down.
[2025-11-29T11:06:54.477452] No pending tasks. Cooling down.
[2025-11-29T11:08:54.489311] No pending tasks. Cooling down.
[2025-11-29T11:10:54.502923] No pending tasks. Cooling down.
[2025-11-29T11:12:54.517585] No pending tasks. Cooling down.
[2025-11-29T11:14:54.530128] No pending tasks. Cooling down.
[2025-11-29T11:16:54.536047] No pending tasks. Cooling down.
[2025-11-29T11:18:54.539712] No pending tasks. Cooling down.
[2025-11-29T11:20:54.555710] No pending tasks. Cooling down.
[2025-11-29T11:22:54.565069] No pending tasks. Cooling down.
[2025-11-29T11:24:54.572019] No pending tasks. Cooling down.
[2025-11-29T11:26:54.580800] No pending tasks. Cooling down.
[2025-11-29T11:28:54.600312] No pending tasks. Cooling down.
[2025-11-29T11:30:54.611831] No pending tasks. Cooling down.
[2025-11-29T11:32:54.627011] No pending tasks. Cooling down.
[2025-11-29T11:34:54.633541] No pending tasks. Cooling down.
[2025-11-29T11:36:54.647487] No pending tasks. Cooling down.
[2025-11-29T11:38:54.661522] No pending tasks. Cooling down.
[2025-11-29T11:40:54.669377] No pending tasks. Cooling down.
[2025-11-29T11:42:54.683742] No pending tasks. Cooling down.
[2025-11-29T11:44:54.691535] No pending tasks. Cooling down.
[2025-11-29T11:46:54.704170] No pending tasks. Cooling down.
[2025-11-29T11:48:54.716715] No pending tasks. Cooling down.
[2025-11-29T11:50:54.724948] No pending tasks. Cooling down.
[2025-11-29T11:52:54.730693] No pending tasks. Cooling down.
[2025-11-29T11:54:54.736767] No pending tasks. Cooling down.
[2025-11-29T11:56:54.743089] No pending tasks. Cooling down.
[2025-11-29T11:58:54.748513] No pending tasks. Cooling down.
[2025-11-29T12:00:54.754683] No pending tasks. Cooling down.
[2025-11-29T12:02:54.763274] No pending tasks. Cooling down.
[2025-11-29T12:04:54.770206] No pending tasks. Cooling down.
[2025-11-29T12:06:54.775826] No pending tasks. Cooling down.
[2025-11-29T12:08:54.751166] No pending tasks. Cooling down.
[2025-11-29T12:10:54.749378] No pending tasks. Cooling down.
[2025-11-29T12:12:54.755229] No pending tasks. Cooling down.
[2025-11-29T12:14:54.761111] No pending tasks. Cooling down.
[2025-11-29T12:16:54.768069] No pending tasks. Cooling down.
[2025-11-29T12:18:54.773417] No pending tasks. Cooling down.
[2025-11-29T12:20:54.785644] No pending tasks. Cooling down.
[2025-11-29T12:22:54.796305] No pending tasks. Cooling down.
[2025-11-29T12:24:54.810048] No pending tasks. Cooling down.
[2025-11-29T12:26:54.821031] No pending tasks. Cooling down.
[2025-11-29T12:28:54.834765] No pending tasks. Cooling down.
[2025-11-29T12:30:54.848405] No pending tasks. Cooling down.
[2025-11-29T12:32:54.863105] No pending tasks. Cooling down.
[2025-11-29T12:34:54.869186] No pending tasks. Cooling down.
[2025-11-29T12:36:54.874200] No pending tasks. Cooling down.
[2025-11-29T12:38:54.878707] No pending tasks. Cooling down.
[2025-11-29T12:40:54.884829] No pending tasks. Cooling down.
[2025-11-29T12:42:54.889782] No pending tasks. Cooling down.
[2025-11-29T12:44:54.895918] No pending tasks. Cooling down.
[2025-11-29T12:46:54.905185] No pending tasks. Cooling down.
[2025-11-29T12:48:54.909104] No pending tasks. Cooling down.
[2025-11-29T12:50:54.915383] No pending tasks. Cooling down.
[2025-11-29T12:52:54.928911] No pending tasks. Cooling down.
[2025-11-29T12:54:54.933390] No pending tasks. Cooling down.
[2025-11-29T12:56:54.941213] No pending tasks. Cooling down.
[2025-11-29T12:58:54.946663] No pending tasks. Cooling down.
[2025-11-29T13:00:54.961044] No pending tasks. Cooling down.
[2025-11-29T13:02:54.973595] No pending tasks. Cooling down.
[2025-11-29T13:04:54.987070] No pending tasks. Cooling down.
[2025-11-29T13:06:55.000375] No pending tasks. Cooling down.
[2025-11-29T13:08:55.013289] No pending tasks. Cooling down.
[2025-11-29T13:10:55.018091] No pending tasks. Cooling down.
[2025-11-29T13:12:55.024049] No pending tasks. Cooling down.
[2025-11-29T13:14:55.039575] No pending tasks. Cooling down.
[2025-11-29T13:16:55.044643] No pending tasks. Cooling down.
[2025-11-29T13:18:55.048953] No pending tasks. Cooling down.
[2025-11-29T13:20:55.062759] No pending tasks. Cooling down.
[2025-11-29T13:22:55.074778] No pending tasks. Cooling down.
[2025-11-29T13:24:55.085517] No pending tasks. Cooling down.
[2025-11-29T13:26:55.091336] No pending tasks. Cooling down.
[2025-11-29T13:28:55.104207] No pending tasks. Cooling down.
[2025-11-29T13:30:55.114367] No pending tasks. Cooling down.
[2025-11-29T13:32:55.125603] No pending tasks. Cooling down.
[2025-11-29T13:34:55.135121] No pending tasks. Cooling down.
[2025-11-29T13:36:55.142585] No pending tasks. Cooling down.
[2025-11-29T13:38:55.146348] No pending tasks. Cooling down.
[2025-11-29T13:40:55.159857] No pending tasks. Cooling down.
[2025-11-29T13:42:55.174641] No pending tasks. Cooling down.
[2025-11-29T13:44:55.183881] No pending tasks. Cooling down.
[2025-11-29T13:46:55.196002] No pending tasks. Cooling down.
[2025-11-29T13:48:55.201397] No pending tasks. Cooling down.
[2025-11-29T13:50:55.215310] No pending tasks. Cooling down.
[2025-11-29T13:52:55.220272] No pending tasks. Cooling down.
[2025-11-29T13:54:55.222828] No pending tasks. Cooling down.
[2025-11-29T13:56:55.236567] No pending tasks. Cooling down.
[2025-11-29T13:58:55.240511] No pending tasks. Cooling down.
[2025-11-29T14:00:55.245508] No pending tasks. Cooling down.
[2025-11-29T14:02:55.243843] No pending tasks. Cooling down.
[2025-11-29T14:04:55.246528] No pending tasks. Cooling down.
[2025-11-29T14:06:55.251696] No pending tasks. Cooling down.
[2025-11-29T14:08:55.255434] No pending tasks. Cooling down.
[2025-11-29T14:10:55.260538] No pending tasks. Cooling down.
[2025-11-29T14:12:55.272978] No pending tasks. Cooling down.
[2025-11-29T14:14:55.283181] No pending tasks. Cooling down.
[2025-11-29T14:16:55.291923] No pending tasks. Cooling down.
[2025-11-29T14:18:55.294960] No pending tasks. Cooling down.
[2025-11-29T14:20:55.300648] No pending tasks. Cooling down.
[2025-11-29T14:22:55.305297] No pending tasks. Cooling down.
[2025-11-29T14:24:55.306334] No pending tasks. Cooling down.
[2025-11-29T14:26:55.310782] No pending tasks. Cooling down.
[2025-11-29T14:28:55.314994] No pending tasks. Cooling down.
[2025-11-29T14:30:55.319506] No pending tasks. Cooling down.
[2025-11-29T14:32:55.324231] No pending tasks. Cooling down.
[2025-11-29T14:34:55.329066] No pending tasks. Cooling down.
[2025-11-29T14:36:55.334898] No pending tasks. Cooling down.
[2025-11-29T14:38:55.338999] No pending tasks. Cooling down.
[2025-11-29T14:40:55.349166] No pending tasks. Cooling down.
[2025-11-29T14:42:55.358207] No pending tasks. Cooling down.
[2025-11-29T14:44:55.365548] No pending tasks. Cooling down.
[2025-11-29T14:46:55.369914] No pending tasks. Cooling down.
[2025-11-29T14:48:55.375127] No pending tasks. Cooling down.
[2025-11-29T14:50:55.340743] No pending tasks. Cooling down.
[2025-11-29T14:52:55.348367] No pending tasks. Cooling down.
[2025-11-29T14:54:55.361166] No pending tasks. Cooling down.
[2025-11-29T14:56:55.370785] No pending tasks. Cooling down.
[2025-11-29T14:58:55.376070] No pending tasks. Cooling down.
[2025-11-29T15:00:55.382003] No pending tasks. Cooling down.
[2025-11-29T15:02:55.386831] No pending tasks. Cooling down.
[2025-11-29T15:04:55.389500] No pending tasks. Cooling down.
[2025-11-29T15:06:55.393345] No pending tasks. Cooling down.
[2025-11-29T15:08:55.398389] No pending tasks. Cooling down.
[2025-11-29T15:10:55.404667] No pending tasks. Cooling down.
[2025-11-29T15:12:55.417905] No pending tasks. Cooling down.
[2025-11-29T15:14:55.425208] No pending tasks. Cooling down.
[2025-11-29T15:16:55.434382] No pending tasks. Cooling down.
[2025-11-29T15:18:55.447595] No pending tasks. Cooling down.
[2025-11-29T15:20:55.451145] No pending tasks. Cooling down.
[2025-11-29T15:22:55.463540] No pending tasks. Cooling down.
[2025-11-29T15:24:55.468865] No pending tasks. Cooling down.
[2025-11-29T15:26:55.487291] No pending tasks. Cooling down.
[2025-11-29T15:28:55.505769] No pending tasks. Cooling down.
[2025-11-29T15:30:55.510784] No pending tasks. Cooling down.
[2025-11-29T15:32:55.520733] No pending tasks. Cooling down.
[2025-11-29T15:34:55.532647] No pending tasks. Cooling down.
[2025-11-29T15:36:55.538092] No pending tasks. Cooling down.
[2025-11-29T15:38:55.551244] No pending tasks. Cooling down.
[2025-11-29T15:40:55.559635] No pending tasks. Cooling down.
[2025-11-29T15:42:55.571942] No pending tasks. Cooling down.
[2025-11-29T15:44:55.577430] No pending tasks. Cooling down.
[2025-11-29T15:46:55.583836] No pending tasks. Cooling down.
[2025-11-29T15:48:55.588612] No pending tasks. Cooling down.
[2025-11-29T15:50:55.593239] No pending tasks. Cooling down.
[2025-11-29T15:52:55.571006] No pending tasks. Cooling down.
[2025-11-29T15:54:55.581470] No pending tasks. Cooling down.
[2025-11-29T15:56:55.592075] No pending tasks. Cooling down.
[2025-11-29T15:58:55.594071] No pending tasks. Cooling down.
[2025-11-29T16:00:55.602398] No pending tasks. Cooling down.
[2025-11-29T16:02:55.606165] No pending tasks. Cooling down.
[2025-11-29T16:04:55.608508] No pending tasks. Cooling down.
[2025-11-29T16:06:55.615294] No pending tasks. Cooling down.
[2025-11-29T16:08:55.622242] No pending tasks. Cooling down.
[2025-11-29T16:10:55.624701] No pending tasks. Cooling down.
[2025-11-29T16:12:55.635465] No pending tasks. Cooling down.
[2025-11-29T16:14:55.648407] No pending tasks. Cooling down.
[2025-11-29T16:16:55.662281] No pending tasks. Cooling down.
[2025-11-29T16:18:55.674811] No pending tasks. Cooling down.
[2025-11-29T16:20:55.690104] No pending tasks. Cooling down.
[2025-11-29T16:22:55.691620] No pending tasks. Cooling down.
[2025-11-29T16:24:55.694600] No pending tasks. Cooling down.
[2025-11-29T16:26:55.698168] No pending tasks. Cooling down.
[2025-11-29T16:28:55.701160] No pending tasks. Cooling down.
[2025-11-29T16:30:55.704700] No pending tasks. Cooling down.
[2025-11-29T16:32:55.708795] No pending tasks. Cooling down.
[2025-11-29T16:34:55.714130] No pending tasks. Cooling down.
[2025-11-29T16:36:55.717138] No pending tasks. Cooling down.
[2025-11-29T16:38:55.729808] No pending tasks. Cooling down.
[2025-11-29T16:40:55.733988] No pending tasks. Cooling down.
[2025-11-29T16:42:55.744452] No pending tasks. Cooling down.
[2025-11-29T16:44:55.748989] No pending tasks. Cooling down.
[2025-11-29T16:46:55.750971] No pending tasks. Cooling down.
[2025-11-29T16:48:55.755439] No pending tasks. Cooling down.
[2025-11-29T16:50:55.759885] No pending tasks. Cooling down.
[2025-11-29T16:52:55.764597] No pending tasks. Cooling down.
[2025-11-29T16:54:55.773383] No pending tasks. Cooling down.
[2025-11-29T16:56:55.788645] No pending tasks. Cooling down.
[2025-11-29T16:58:55.797581] No pending tasks. Cooling down.
[2025-11-29T17:00:55.806379] No pending tasks. Cooling down.
[2025-11-29T17:02:55.812207] No pending tasks. Cooling down.
[2025-11-29T17:04:55.885197] No pending tasks. Cooling down.
[2025-11-29T17:06:55.899450] No pending tasks. Cooling down.
[2025-11-29T17:08:55.915018] No pending tasks. Cooling down.
[2025-11-29T17:10:55.919995] No pending tasks. Cooling down.
[2025-11-29T17:12:55.932283] No pending tasks. Cooling down.
[2025-11-29T17:14:55.947429] No pending tasks. Cooling down.
[2025-11-29T17:16:55.952211] No pending tasks. Cooling down.
[2025-11-29T17:18:55.964318] No pending tasks. Cooling down.
[2025-11-29T17:20:55.970247] No pending tasks. Cooling down.
[2025-11-29T17:22:55.981637] No pending tasks. Cooling down.
[2025-11-29T17:24:55.995509] No pending tasks. Cooling down.
[2025-11-29T17:26:56.001965] No pending tasks. Cooling down.
[2025-11-29T17:28:56.010854] No pending tasks. Cooling down.
[2025-11-29T17:30:56.055187] No pending tasks. Cooling down.
[2025-11-29T17:32:56.069686] No pending tasks. Cooling down.
[2025-11-29T17:34:56.084514] No pending tasks. Cooling down.
[2025-11-29T17:36:56.093010] No pending tasks. Cooling down.
[2025-11-29T17:38:56.103935] No pending tasks. Cooling down.
[2025-11-29T17:40:56.119736] No pending tasks. Cooling down.
[2025-11-29T17:42:56.133128] No pending tasks. Cooling down.
[2025-11-29T17:44:56.141247] No pending tasks. Cooling down.
[2025-11-29T17:46:56.146525] No pending tasks. Cooling down.
[2025-11-29T17:48:56.156419] No pending tasks. Cooling down.
[2025-11-29T17:50:56.163080] No pending tasks. Cooling down.
[2025-11-29T17:52:56.170818] No pending tasks. Cooling down.
[2025-11-29T17:54:56.178177] No pending tasks. Cooling down.
[2025-11-29T17:56:56.190751] No pending tasks. Cooling down.
[2025-11-29T17:58:56.195567] No pending tasks. Cooling down.
[2025-11-29T18:00:56.202535] No pending tasks. Cooling down.
[2025-11-29T18:02:56.210912] No pending tasks. Cooling down.
[2025-11-29T18:04:56.226393] No pending tasks. Cooling down.
[2025-11-29T18:06:56.238194] No pending tasks. Cooling down.
[2025-11-29T18:08:56.247650] No pending tasks. Cooling down.
[2025-11-29T18:10:56.256281] No pending tasks. Cooling down.
[2025-11-29T18:12:56.266155] No pending tasks. Cooling down.
[2025-11-29T18:14:56.278591] No pending tasks. Cooling down.
[2025-11-29T18:16:56.283862] No pending tasks. Cooling down.
[2025-11-29T18:18:56.299779] No pending tasks. Cooling down.
[2025-11-29T18:20:56.316910] No pending tasks. Cooling down.
[2025-11-29T18:22:56.263890] No pending tasks. Cooling down.
[2025-11-29T18:24:56.277133] No pending tasks. Cooling down.
[2025-11-29T18:26:56.282856] No pending tasks. Cooling down.
[2025-11-29T18:28:56.293442] No pending tasks. Cooling down.
[2025-11-29T18:30:56.304663] No pending tasks. Cooling down.
[2025-11-29T18:32:56.310957] No pending tasks. Cooling down.
[2025-11-29T18:34:56.314433] No pending tasks. Cooling down.
[2025-11-29T18:36:56.320786] No pending tasks. Cooling down.
[2025-11-29T18:38:56.327322] No pending tasks. Cooling down.
[2025-11-29T18:40:56.332317] No pending tasks. Cooling down.
[2025-11-29T18:42:56.342328] No pending tasks. Cooling down.
[2025-11-29T18:44:56.350639] No pending tasks. Cooling down.
[2025-11-29T18:46:56.352623] No pending tasks. Cooling down.
[2025-11-29T18:48:56.360142] No pending tasks. Cooling down.
[2025-11-29T18:50:56.375741] No pending tasks. Cooling down.
[2025-11-29T18:52:56.378652] No pending tasks. Cooling down.
[2025-11-29T18:54:56.382565] No pending tasks. Cooling down.
[2025-11-29T18:56:56.390010] No pending tasks. Cooling down.
[2025-11-29T18:58:56.396144] No pending tasks. Cooling down.
[2025-11-29T19:00:56.399879] No pending tasks. Cooling down.
[2025-11-29T19:02:56.406855] No pending tasks. Cooling down.
[2025-11-29T19:04:56.417187] No pending tasks. Cooling down.
[2025-11-29T19:06:56.422012] No pending tasks. Cooling down.
[2025-11-29T19:08:56.427787] No pending tasks. Cooling down.
[2025-11-29T19:10:56.432573] No pending tasks. Cooling down.
[2025-11-29T19:12:56.438176] No pending tasks. Cooling down.
[2025-11-29T19:14:56.447568] No pending tasks. Cooling down.
[2025-11-29T19:16:56.451713] No pending tasks. Cooling down.
[2025-11-29T19:18:56.456424] No pending tasks. Cooling down.
[2025-11-29T19:20:56.465232] No pending tasks. Cooling down.
[2025-11-29T19:22:56.472818] No pending tasks. Cooling down.
[2025-11-29T19:24:56.488866] No pending tasks. Cooling down.
[2025-11-29T19:26:56.502114] No pending tasks. Cooling down.
[2025-11-29T19:28:56.516105] No pending tasks. Cooling down.
[2025-11-29T19:30:56.525512] No pending tasks. Cooling down.
[2025-11-29T19:32:56.538657] No pending tasks. Cooling down.
[2025-11-29T19:34:56.552584] No pending tasks. Cooling down.
[2025-11-29T19:36:56.566807] No pending tasks. Cooling down.
[2025-11-29T19:38:56.582427] No pending tasks. Cooling down.
[2025-11-29T19:40:56.592729] No pending tasks. Cooling down.
[2025-11-29T19:42:56.603685] No pending tasks. Cooling down.
[2025-11-29T19:44:56.614023] No pending tasks. Cooling down.
[2025-11-29T19:46:56.618659] No pending tasks. Cooling down.
[2025-11-29T19:48:56.625315] No pending tasks. Cooling down.
[2025-11-29T19:50:56.654299] No pending tasks. Cooling down.
[2025-11-29T19:52:56.667013] No pending tasks. Cooling down.
[2025-11-29T19:54:56.675194] No pending tasks. Cooling down.
[2025-11-29T19:56:56.689522] No pending tasks. Cooling down.
[2025-11-29T19:58:56.693954] No pending tasks. Cooling down.
[2025-11-29T20:00:56.705764] No pending tasks. Cooling down.
[2025-11-29T20:02:56.713535] No pending tasks. Cooling down.
[2025-11-29T20:04:56.725847] No pending tasks. Cooling down.
[2025-11-29T20:06:56.740093] No pending tasks. Cooling down.
[2025-11-29T20:08:56.745583] No pending tasks. Cooling down.
[2025-11-29T20:10:56.753025] No pending tasks. Cooling down.
[2025-11-29T20:12:56.758207] No pending tasks. Cooling down.
[2025-11-29T20:14:56.771660] No pending tasks. Cooling down.
[2025-11-29T20:16:56.763611] No pending tasks. Cooling down.
[2025-11-29T20:18:56.774352] No pending tasks. Cooling down.
[2025-11-29T20:20:56.785850] No pending tasks. Cooling down.
[2025-11-29T20:22:56.796375] No pending tasks. Cooling down.
[2025-11-29T20:24:56.809644] No pending tasks. Cooling down.
[2025-11-29T20:26:56.823516] No pending tasks. Cooling down.
[2025-11-29T20:28:56.829531] No pending tasks. Cooling down.
[2025-11-29T20:30:56.835293] No pending tasks. Cooling down.
[2025-11-29T20:32:56.840204] No pending tasks. Cooling down.
[2025-11-29T20:34:56.853099] No pending tasks. Cooling down.
[2025-11-29T20:36:56.853949] No pending tasks. Cooling down.
[2025-11-29T20:38:56.875410] No pending tasks. Cooling down.
[2025-11-29T20:40:56.879428] No pending tasks. Cooling down.
[2025-11-29T20:42:56.890662] No pending tasks. Cooling down.
[2025-11-29T20:44:56.902565] No pending tasks. Cooling down.
[2025-11-29T20:46:56.907095] No pending tasks. Cooling down.
[2025-11-29T20:48:56.912775] No pending tasks. Cooling down.
[2025-11-29T20:50:56.917399] No pending tasks. Cooling down.
[2025-11-29T20:52:56.922797] No pending tasks. Cooling down.
[2025-11-29T20:54:56.927441] No pending tasks. Cooling down.
[2025-11-29T20:56:56.932815] No pending tasks. Cooling down.
[2025-11-29T20:58:56.940749] No pending tasks. Cooling down.
[2025-11-29T21:00:56.949945] No pending tasks. Cooling down.
[2025-11-29T21:02:56.957627] No pending tasks. Cooling down.
[2025-11-29T21:04:56.963469] No pending tasks. Cooling down.
[2025-11-29T21:06:56.967803] No pending tasks. Cooling down.
[2025-11-29T21:08:56.974228] No pending tasks. Cooling down.
[2025-11-29T21:10:56.979448] No pending tasks. Cooling down.
[2025-11-29T21:12:56.984162] No pending tasks. Cooling down.
[2025-11-29T21:14:56.933947] No pending tasks. Cooling down.
[2025-11-29T21:16:56.936985] No pending tasks. Cooling down.
[2025-11-29T21:18:56.942001] No pending tasks. Cooling down.
[2025-11-29T21:20:56.946642] No pending tasks. Cooling down.
[2025-11-29T21:22:56.953177] No pending tasks. Cooling down.
[2025-11-29T21:24:56.962497] No pending tasks. Cooling down.
[2025-11-29T21:26:56.968312] No pending tasks. Cooling down.
[2025-11-29T21:28:56.974822] No pending tasks. Cooling down.
[2025-11-29T21:30:56.981590] No pending tasks. Cooling down.
[2025-11-29T21:32:56.992436] No pending tasks. Cooling down.
[2025-11-29T21:34:57.001505] No pending tasks. Cooling down.
[2025-11-29T21:36:57.002949] No pending tasks. Cooling down.
[2025-11-29T21:38:57.019351] No pending tasks. Cooling down.
[2025-11-29T21:40:57.016717] No pending tasks. Cooling down.
[2025-11-29T21:42:57.015813] No pending tasks. Cooling down.
[2025-11-29T21:44:57.021038] No pending tasks. Cooling down.
[2025-11-29T21:46:57.070666] No pending tasks. Cooling down.
[2025-11-29T21:48:57.080006] No pending tasks. Cooling down.
[2025-11-29T21:50:57.088443] No pending tasks. Cooling down.
[2025-11-29T21:52:57.098402] No pending tasks. Cooling down.
[2025-11-29T21:54:57.105550] No pending tasks. Cooling down.
[2025-11-29T21:56:57.112624] No pending tasks. Cooling down.
[2025-11-29T21:58:57.122888] No pending tasks. Cooling down.
[2025-11-29T22:00:57.128339] No pending tasks. Cooling down.
[2025-11-29T22:02:57.140823] No pending tasks. Cooling down.
[2025-11-29T22:04:57.151011] No pending tasks. Cooling down.
[2025-11-29T22:06:57.154198] No pending tasks. Cooling down.
[2025-11-29T22:08:57.161184] No pending tasks. Cooling down.
[2025-11-29T22:10:57.164566] No pending tasks. Cooling down.
[2025-11-29T22:12:57.170766] No pending tasks. Cooling down.
[2025-11-29T22:14:57.178707] No pending tasks. Cooling down.
[2025-11-29T22:16:57.180566] No pending tasks. Cooling down.
[2025-11-29T22:18:57.184985] No pending tasks. Cooling down.
[2025-11-29T22:20:57.189261] No pending tasks. Cooling down.
[2025-11-29T22:22:57.196829] No pending tasks. Cooling down.
[2025-11-29T22:24:57.206703] No pending tasks. Cooling down.
[2025-11-29T22:26:57.209532] No pending tasks. Cooling down.
[2025-11-29T22:28:57.211733] No pending tasks. Cooling down.
[2025-11-29T22:30:57.294866] No pending tasks. Cooling down.
[2025-11-29T22:32:57.307639] No pending tasks. Cooling down.
[2025-11-29T22:34:57.311831] No pending tasks. Cooling down.
[2025-11-29T22:36:57.321481] No pending tasks. Cooling down.
[2025-11-29T22:38:57.330481] No pending tasks. Cooling down.
[2025-11-29T22:40:57.336007] No pending tasks. Cooling down.
[2025-11-29T22:42:57.346411] No pending tasks. Cooling down.
[2025-11-29T22:44:57.360469] No pending tasks. Cooling down.
[2025-11-29T22:46:57.365336] No pending tasks. Cooling down.
[2025-11-29T22:48:57.377826] No pending tasks. Cooling down.
[2025-11-29T22:50:57.387592] No pending tasks. Cooling down.
[2025-11-29T22:52:57.397876] No pending tasks. Cooling down.
[2025-11-29T22:54:57.407367] No pending tasks. Cooling down.
[2025-11-29T22:56:57.411402] No pending tasks. Cooling down.
[2025-11-29T22:58:57.416283] No pending tasks. Cooling down.
[2025-11-29T23:00:57.422714] No pending tasks. Cooling down.
[2025-11-29T23:02:57.428323] No pending tasks. Cooling down.
[2025-11-29T23:04:57.433389] No pending tasks. Cooling down.
[2025-11-29T23:06:57.465935] No pending tasks. Cooling down.
[2025-11-29T23:08:57.479238] No pending tasks. Cooling down.
[2025-11-29T23:10:57.485532] No pending tasks. Cooling down.
[2025-11-29T23:12:57.490315] No pending tasks. Cooling down.
[2025-11-29T23:14:57.495903] No pending tasks. Cooling down.
[2025-11-29T23:16:57.502188] No pending tasks. Cooling down.
[2025-11-29T23:18:57.507036] No pending tasks. Cooling down.
[2025-11-29T23:20:57.512457] No pending tasks. Cooling down.
[2025-11-29T23:22:57.515692] No pending tasks. Cooling down.
[2025-11-29T23:24:57.521871] No pending tasks. Cooling down.
[2025-11-29T23:26:57.527681] No pending tasks. Cooling down.
[2025-11-29T23:28:57.534816] No pending tasks. Cooling down.
[2025-11-29T23:30:57.540996] No pending tasks. Cooling down.
[2025-11-29T23:32:57.485384] No pending tasks. Cooling down.
[2025-11-29T23:34:57.490940] No pending tasks. Cooling down.
[2025-11-29T23:36:57.494018] No pending tasks. Cooling down.
[2025-11-29T23:38:57.501506] No pending tasks. Cooling down.
[2025-11-29T23:40:57.507446] No pending tasks. Cooling down.
[2025-11-29T23:42:57.510114] No pending tasks. Cooling down.
[2025-11-29T23:44:57.514175] No pending tasks. Cooling down.
